nohup: ignoring input
>> Pipeline root: /home/u384661/Neuro_EZR/src_v2/paper_experiments
>> Repo root:     /home/u384661/Neuro_EZR
>> Running phase: B

=================================================================
PHASE B: training (can be parallelized across GPUs)
=================================================================
>> [preflight] removing empty baseline checkpoint dirs
/home/u384661/Neuro_EZR/archive/baselines/checkpoints_bert_regression/seed1
/home/u384661/Neuro_EZR/archive/baselines/checkpoints_bert_regression/seed2
/home/u384661/Neuro_EZR/archive/baselines/checkpoints_bert_regression/seed3
/home/u384661/Neuro_EZR/archive/baselines/checkpoints_bert_regression/seed42
/home/u384661/Neuro_EZR/archive/baselines/checkpoints_gpt2_surprisal/seed1
/home/u384661/Neuro_EZR/archive/baselines/checkpoints_gpt2_surprisal/seed100
/home/u384661/Neuro_EZR/archive/baselines/checkpoints_gpt2_surprisal/seed2
/home/u384661/Neuro_EZR/archive/baselines/checkpoints_gpt2_surprisal/seed3
/home/u384661/Neuro_EZR/archive/baselines/checkpoints_gpt2_surprisal/seed42
/home/u384661/Neuro_EZR/archive/baselines/checkpoints_lightgbm/seed1
/home/u384661/Neuro_EZR/archive/baselines/checkpoints_lightgbm/seed100
/home/u384661/Neuro_EZR/archive/baselines/checkpoints_lightgbm/seed2
/home/u384661/Neuro_EZR/archive/baselines/checkpoints_lightgbm/seed3
/home/u384661/Neuro_EZR/archive/baselines/checkpoints_lightgbm/seed42
/home/u384661/Neuro_EZR/archive/baselines/checkpoints_linear_regression/seed1
/home/u384661/Neuro_EZR/archive/baselines/checkpoints_linear_regression/seed100
/home/u384661/Neuro_EZR/archive/baselines/checkpoints_linear_regression/seed2
/home/u384661/Neuro_EZR/archive/baselines/checkpoints_linear_regression/seed3
/home/u384661/Neuro_EZR/archive/baselines/checkpoints_linear_regression/seed42
>> [exp01a] training NLP baselines (5 seeds × 6 models)
  linear_regression seed=1: training...
  linear_regression seed=2: training...
  linear_regression seed=3: training...
  linear_regression seed=42: training...
  linear_regression seed=100: training...
  lightgbm seed=1: training...
  WARNING: lightgbm seed=1 failed (check log).
  lightgbm seed=2: training...
  WARNING: lightgbm seed=2 failed (check log).
  lightgbm seed=3: training...
  WARNING: lightgbm seed=3 failed (check log).
  lightgbm seed=42: training...
  WARNING: lightgbm seed=42 failed (check log).
  lightgbm seed=100: training...
  WARNING: lightgbm seed=100 failed (check log).
  gpt2_surprisal seed=1: training...
  gpt2_surprisal seed=2: training...
  gpt2_surprisal seed=3: training...
  gpt2_surprisal seed=42: training...
  gpt2_surprisal seed=100: training...
  bert_regression seed=1: training...
  WARNING: bert_regression seed=1 failed (check log).
  bert_regression seed=2: training...
  WARNING: bert_regression seed=2 failed (check log).
  bert_regression seed=3: training...
  WARNING: bert_regression seed=3 failed (check log).
  bert_regression seed=42: training...
  WARNING: bert_regression seed=42 failed (check log).
  bert_regression seed=100: training...
  WARNING: bert_regression seed=100 failed (check log).
  ohio_state_roberta seed=1: training...
  WARNING: ohio_state_roberta seed=1 failed (check log).
  ohio_state_roberta seed=2: training...
  WARNING: ohio_state_roberta seed=2 failed (check log).
  ohio_state_roberta seed=3: training...
  WARNING: ohio_state_roberta seed=3 failed (check log).
  ohio_state_roberta seed=42: training...
  WARNING: ohio_state_roberta seed=42 failed (check log).
  ohio_state_roberta seed=100: training...
  WARNING: ohio_state_roberta seed=100 failed (check log).
  toronto_cl_roberta seed=1: training...
  WARNING: toronto_cl_roberta seed=1 failed (check log).
  toronto_cl_roberta seed=2: training...
  WARNING: toronto_cl_roberta seed=2 failed (check log).
  toronto_cl_roberta seed=3: training...
  WARNING: toronto_cl_roberta seed=3 failed (check log).
  toronto_cl_roberta seed=42: training...
  WARNING: toronto_cl_roberta seed=42 failed (check log).
  toronto_cl_roberta seed=100: training...
  WARNING: toronto_cl_roberta seed=100 failed (check log).
All baseline seeds attempted.
: ohio_state_roberta seed=2 failed (check log).
  ohio_state_roberta seed=3: training...
  WARNING: ohio_state_roberta seed=3 failed (check log).
  ohio_state_roberta seed=42: training...
  WARNING: ohio_state_roberta seed=42 failed (check log).
  ohio_state_roberta seed=100: training...
  WARNING: ohio_state_roberta seed=100 failed (check log).
  toronto_cl_roberta seed=1: training...
  WARNING: toronto_cl_roberta seed=1 failed (check log).
  toronto_cl_roberta seed=2: training...
  WARNING: toronto_cl_roberta seed=2 failed (check log).
  toronto_cl_roberta seed=3: training...
  WARNING: toronto_cl_roberta seed=3 failed (check log).
  toronto_cl_roberta seed=42: training...
  WARNING: toronto_cl_roberta seed=42 failed (check log).
  toronto_cl_roberta seed=100: training...
  WARNING: toronto_cl_roberta seed=100 failed (check log).
All baseline seeds attempted.
