>> Pipeline root: /home/u384661/Neuro_EZR/src_v2/paper_experiments
>> Repo root:     /home/u384661/Neuro_EZR
>> Running phase: B

=================================================================
PHASE B: training (can be parallelized across GPUs)
=================================================================
>> [preflight] removing empty baseline checkpoint dirs
>> [exp01a] training NLP baselines (single run each — see _v2 for why)
  linear_regression: training (single run, no --seed)...
  linear_regression: done -> archive/baselines/checkpoints_linear_regression/seed1/.done
  lightgbm: training (single run, no --seed)...
  WARNING: lightgbm failed (check logs/exp01_baseline_lightgbm.out).
  gpt2_surprisal: training (single run, no --seed)...
  WARNING: gpt2_surprisal failed (check logs/exp01_baseline_gpt2_surprisal.out).
  bert_regression: training (single run, no --seed)...
  WARNING: bert_regression failed (check logs/exp01_baseline_bert_regression.out).
  ohio_state_roberta: training (single run, no --seed)...
  WARNING: ohio_state_roberta failed (check logs/exp01_baseline_ohio_state_roberta.out).
  toronto_cl_roberta: training (single run, no --seed)...
  WARNING: toronto_cl_roberta failed (check logs/exp01_baseline_toronto_cl_roberta.out).
All baselines attempted.
>> [exp01b] training paper model (5 seeds)
Training script: src_v2/lm_train/train_hybrid_v4c_v2_dualctx_geco.py
Checkpoint dir base: checkpoints/hybrid_v4c_v2_dualctx
  seed=1: checkpoints/hybrid_v4c_v2_dualctx/geco_TinyLlama_TinyLlama-1.1B-Chat-v1.0_seed1/best_model.pt exists, skipping.
  seed=2: training...
