Auto-freeze: 16/22 layers
Device: cuda
Loading SUBTLEX from /home/u384661/Neuro_EZR/src_v2/lm_train/../../data/SUBTLEXus.txt...
  74,286 entries
Loading GECO Corpus...
  Loading GECO material...
    5285 sentences, 54362 words
    Loaded predictability for 5285 sentences
  Loading GECO reading data...
    72669 participant × sentence combinations
  Raw per-participant observations: 68,681
  Train: 54,930 | Val: 6,871 | Test: 6,880
  Aggregated sentences (min 5 participants): 4994
  Aggregated: 3995 train | 499 val | 500 test
  Empirical skip rate (train): 0.5279 (FYI only; bounds are hardcoded wide)
  Skip prior bounds: [0.35, 0.55] (LAMBDA_PRIOR=30.0) — WIDE

Loading model: TinyLlama/TinyLlama-1.1B-Chat-v1.0
  Freezing first 16 layers
  Total parameters:      1,035,103,499
  Frozen (LM):           770,244,608
  Trainable LM:          264,267,776   (lr=2e-05)
  Trainable heads:       591,106   (lr=0.0005)
  Trainable cognitive:   9    (lr=0.0003)  (no pF/reg_weight)

====================================================================================================
Training HYBRID v4c_v2_wide_prior on GECO  (Option C: wide skip bounds [0.35, 0.55] + LAMBDA=30)
  Model: TinyLlama/TinyLlama-1.1B-Chat-v1.0
  base_L1 = alpha1 + alpha2 * (log(freq)-10)/5  + ctx_head(LLaMA_hidden)
  L2 = delta * base_L1 | FFD = L1_ecc + M1 + M2
  Gaze = FFD + P_refix(length) * (L2 + M1 + M2)
  TRT = Gaze + I            (M2 = I tied; pF*reg_weight*prev_gaze DROPPED)
  Skip = sigmoid((M1 - L1_next_parafoveal)/skip_temperature + residual)
  First-word skip forced to 1e-06
  Loss: trt/SIGMA2 + ffd/SIGMA2 + gaze/SIGMA2 + bce + residual_reg + skip_prior
  Skip prior: LAMBDA=30.0 on bounds [0.35, 0.55] (WIDE — Option C)
  SIGMA2_FFD = 1500.0 (doubled vs v4c, gives FFD 2x loss weight)
  Skip residual L2 reg: lambda=0.001
  LR: cosine warmup=2 ep, 42950 total steps
  Early stop: 15 val-steps on combined=(r_TRT+r_FFD+r_Gaze+r_skip)/4
  Validation: 5 times per epoch
  Batch: 8 | Accum: 8 | Effective: 64
  AMP: True
====================================================================================================
  Cognitive cascade parameters:
    l1_base_offset  (alpha1_norm) =   60.00 ms
    l1_freq_coef    (alpha2_norm) =  -17.00    (on normed log_freq)
    -- Reichle-unit equivalents --
    alpha1_reichle              =   94.00 ms  (Reichle 2003: 104)
    alpha2_reichle              =  3.4000     (Reichle 2003: 3.4)
    delta (L2/L1)               =  0.3400     (Reichle: 0.34, allowed [0.1, 0.5])
    epsilon (ecc exp)           =  1.1500     (Reichle: 1.15)
    M1 (labile)                 =  125.00 ms  (Reichle: 125)
    M2 = I (tied)               =   25.00 ms  (Reichle: M2=25, I=25)
    lambda_refix                =  0.4000
    refix_pivot                 =    8.00 chars
    skip_temperature            =   31.00 ms
    L1 soft floor               = 5.0 ms
    First-word skip floor       = 1e-06
    (pF, reg_weight DROPPED — lesion showed Δr ≈ -0.001)

  [val 1] epoch 1 batch 1373/6867 | lm=2.0e-06 head=5.0e-05 cog=3.0e-05
    combined=0.2864 | r_TRT=0.397 r_FFD=0.156 r_Gaze=0.344 r_skip=0.249
    MAE_TRT=66.0ms FFD=40.8ms Gaze=57.6ms | Bias_TRT=+21.8 Bias_FFD=+15.3 | mean_skip=0.460 std_skip=0.288
    Skip:  race_logit=-0.47+/-6.02 residual_abs=0.257
    Cog: a1R=94.0 a2R=3.399 eps=1.150 M1=125.0 M2=I=25.0 d=0.339
    ** NEW BEST (combined=0.2864) **

  [val 2] epoch 1 batch 2746/6867 | lm=4.0e-06 head=1.0e-04 cog=6.0e-05
    combined=0.3139 | r_TRT=0.395 r_FFD=0.154 r_Gaze=0.342 r_skip=0.364
    MAE_TRT=63.4ms FFD=38.1ms Gaze=53.5ms | Bias_TRT=+14.3 Bias_FFD=+8.8 | mean_skip=0.534 std_skip=0.312
    Skip:  race_logit=-0.13+/-6.03 residual_abs=0.638
    Cog: a1R=94.0 a2R=3.398 eps=1.151 M1=125.0 M2=I=25.0 d=0.338
    ** NEW BEST (combined=0.3139) **

  [val 3] epoch 1 batch 4119/6867 | lm=6.0e-06 head=1.5e-04 cog=9.0e-05
    combined=0.3423 | r_TRT=0.407 r_FFD=0.150 r_Gaze=0.348 r_skip=0.465
    MAE_TRT=59.2ms FFD=34.8ms Gaze=45.9ms | Bias_TRT=+0.1 Bias_FFD=-3.8 | mean_skip=0.556 std_skip=0.308
    Skip:  race_logit=+0.58+/-6.03 residual_abs=0.767
    Cog: a1R=94.0 a2R=3.397 eps=1.152 M1=125.0 M2=I=25.0 d=0.337
    ** NEW BEST (combined=0.3423) **

  [val 4] epoch 1 batch 5492/6867 | lm=8.0e-06 head=2.0e-04 cog=1.2e-04
    combined=0.2878 | r_TRT=0.408 r_FFD=0.090 r_Gaze=0.343 r_skip=0.310
    MAE_TRT=58.9ms FFD=39.0ms Gaze=43.3ms | Bias_TRT=-13.8 Bias_FFD=-16.4 | mean_skip=0.627 std_skip=0.287
    Skip:  race_logit=+1.43+/-6.15 residual_abs=1.141
    Cog: a1R=93.9 a2R=3.396 eps=1.152 M1=125.0 M2=I=25.0 d=0.337

  [val 5] epoch 1 batch 6865/6867 | lm=1.0e-05 head=2.5e-04 cog=1.5e-04
    combined=0.3199 | r_TRT=0.422 r_FFD=0.126 r_Gaze=0.359 r_skip=0.373
    MAE_TRT=58.5ms FFD=35.5ms Gaze=44.1ms | Bias_TRT=-4.1 Bias_FFD=-6.0 | mean_skip=0.592 std_skip=0.296
    Skip:  race_logit=+0.92+/-6.09 residual_abs=0.863
    Cog: a1R=93.9 a2R=3.395 eps=1.152 M1=125.0 M2=I=25.0 d=0.336

  [val 6] epoch 1 batch 6867/6867 | lm=1.0e-05 head=2.5e-04 cog=1.5e-04
    combined=0.3211 | r_TRT=0.422 r_FFD=0.134 r_Gaze=0.360 r_skip=0.368
    MAE_TRT=58.6ms FFD=35.2ms Gaze=44.3ms | Bias_TRT=-3.1 Bias_FFD=-5.0 | mean_skip=0.593 std_skip=0.295
    Skip:  race_logit=+0.87+/-6.09 residual_abs=0.813
    Cog: a1R=93.9 a2R=3.395 eps=1.152 M1=125.0 M2=I=25.0 d=0.336

[Epoch   1/50] 471.6s | loss=4.4080 (trt_mse=5974 ffd_mse=4034 gaze_mse=4514 skip_bce=0.115 skip_prior=0.002 res_reg=0.0007) | 54,930 samples
  Sentence 1: "As a boy though I had..."
  word             bL1    L1    L2   form    ctx |  cTRT  hTRT   err |  pFFD  hFFD | pGaze hGaze |  race resid  skip hSkip
  ------------------------------------------------------------------------------------------------------------------------------------------------------
  As                54    58    18  +54.4   +0.1 |   244   291   -46 |   208   242 |   219   260 | +2.01 -0.21  0.00  0.21
  a                 47    47    16  +46.9   +0.3 |   229   179   +50 |   197   179 |   204   179 | +1.28 +0.21  0.82  0.79
  boy               60    69    20  +59.3   +0.5 |   260   216   +44 |   219   200 |   235   216 | +0.26 -0.45  0.45  0.36
  though            58    82    19  +62.9   -5.3 |   306   364   -58 |   232   234 |   281   305 | +1.46 -0.66  0.69  0.07
  I                 45    45    15  +44.6   +0.7 |   227   248   -21 |   195   248 |   202   248 | +1.48 +0.43  0.87  0.86
  had               56    64    19  +55.4   +0.2 |   255   343   -88 |   214   238 |   230   268 | +1.92 -0.16  0.85  0.50
  often             35    46    12  +66.8  -32.2 |   254   237   +17 |   196   237 |   229   237 | +0.06 -1.33  0.22  0.43
  stayed            53    75    18  +68.7  -16.1 |   298   279   +19 |   225   244 |   273   279 | +0.78 -0.97  0.45  0.36

  Sentence 2: "He had been completely under his..."
  word             bL1    L1    L2   form    ctx |  cTRT  hTRT   err |  pFFD  hFFD | pGaze hGaze |  race resid  skip hSkip
  ------------------------------------------------------------------------------------------------------------------------------------------------------
  He                50    54    17  +50.2   +0.3 |   240   257   -17 |   204   218 |   215   218 | +1.29 +0.27  0.00  0.21
  had               56    64    19  +55.4   +0.2 |   255   249    +6 |   214   208 |   230   208 | +0.99 -0.18  0.69  0.43
  been              54    66    18  +55.3   -1.7 |   265   240   +25 |   216   207 |   240   207 | +2.98 -0.44  0.93  0.36
  completely        11    21     4  +65.5  -54.3 |   304   245   +59 |   171   203 |   279   218 | -0.09 -2.43  0.07  0.00
  under             41    55    14  +61.7  -20.6 |   263   306   -42 |   204   212 |   239   250 | +1.56 -0.93  0.65  0.21
  his               40    47    14  +54.6  -14.1 |   237   216   +21 |   197   216 |   213   216 | +1.24 -0.83  0.60  0.50
  wifes             46    61    15  +93.9  -48.3 |   270   221   +49 |   211   173 |   245   185 | -0.87 -2.18  0.05  0.29
  ascendancy        49    92    16  +87.8  -39.0 |   384   546  -161 |   242   247 |   359   455 | +0.33 -1.84  0.18  0.00


  [val 7] epoch 2 batch 1373/6867 | lm=1.2e-05 head=3.0e-04 cog=1.8e-04
    combined=0.3239 | r_TRT=0.422 r_FFD=0.182 r_Gaze=0.360 r_skip=0.332
    MAE_TRT=58.7ms FFD=34.4ms Gaze=45.7ms | Bias_TRT=-0.0 Bias_FFD=-0.8 | mean_skip=0.580 std_skip=0.287
    Skip:  race_logit=+0.68+/-6.07 residual_abs=0.750
    Cog: a1R=93.9 a2R=3.395 eps=1.152 M1=124.9 M2=I=24.9 d=0.335

  [val 8] epoch 2 batch 2746/6867 | lm=1.4e-05 head=3.5e-04 cog=2.1e-04
    combined=0.3325 | r_TRT=0.422 r_FFD=0.172 r_Gaze=0.360 r_skip=0.376
    MAE_TRT=58.4ms FFD=34.4ms Gaze=45.1ms | Bias_TRT=-1.2 Bias_FFD=-0.4 | mean_skip=0.562 std_skip=0.292
    Skip:  race_logit=+0.66+/-6.06 residual_abs=0.841
    Cog: a1R=93.9 a2R=3.395 eps=1.151 M1=124.9 M2=I=24.9 d=0.334

  [val 9] epoch 2 batch 4119/6867 | lm=1.6e-05 head=4.0e-04 cog=2.4e-04
    combined=0.3250 | r_TRT=0.423 r_FFD=0.140 r_Gaze=0.361 r_skip=0.376
    MAE_TRT=58.1ms FFD=35.2ms Gaze=43.6ms | Bias_TRT=-6.4 Bias_FFD=-3.9 | mean_skip=0.595 std_skip=0.294
    Skip:  race_logit=+0.84+/-6.05 residual_abs=0.882
    Cog: a1R=93.9 a2R=3.395 eps=1.151 M1=124.8 M2=I=24.8 d=0.333

  [val 10] epoch 2 batch 5492/6867 | lm=1.8e-05 head=4.5e-04 cog=2.7e-04
    combined=0.3357 | r_TRT=0.429 r_FFD=0.179 r_Gaze=0.368 r_skip=0.367
    MAE_TRT=58.0ms FFD=34.5ms Gaze=43.9ms | Bias_TRT=-5.6 Bias_FFD=-1.9 | mean_skip=0.591 std_skip=0.292
    Skip:  race_logit=+0.74+/-6.03 residual_abs=0.814
    Cog: a1R=93.9 a2R=3.395 eps=1.150 M1=124.8 M2=I=24.8 d=0.331

  [val 11] epoch 2 batch 6865/6867 | lm=2.0e-05 head=5.0e-04 cog=3.0e-04
    combined=0.3316 | r_TRT=0.424 r_FFD=0.187 r_Gaze=0.362 r_skip=0.353
    MAE_TRT=58.2ms FFD=34.3ms Gaze=44.3ms | Bias_TRT=-4.1 Bias_FFD=+0.8 | mean_skip=0.603 std_skip=0.291
    Skip:  race_logit=+0.61+/-5.99 residual_abs=0.680
    Cog: a1R=93.9 a2R=3.395 eps=1.149 M1=124.8 M2=I=24.8 d=0.329

  [val 12] epoch 2 batch 6867/6867 | lm=2.0e-05 head=5.0e-04 cog=3.0e-04
    combined=0.3300 | r_TRT=0.423 r_FFD=0.176 r_Gaze=0.361 r_skip=0.359
    MAE_TRT=58.1ms FFD=34.5ms Gaze=43.8ms | Bias_TRT=-6.1 Bias_FFD=-1.1 | mean_skip=0.606 std_skip=0.292
    Skip:  race_logit=+0.70+/-6.00 residual_abs=0.732
    Cog: a1R=93.9 a2R=3.395 eps=1.149 M1=124.8 M2=I=24.8 d=0.329

[Epoch   2/50] 426.0s | loss=2.7025 (trt_mse=3956 ffd_mse=2394 gaze_mse=2686 skip_bce=0.107 skip_prior=0.005 res_reg=0.0017) | 54,930 samples
  Sentence 1: "As a boy though I had..."
  word             bL1    L1    L2   form    ctx |  cTRT  hTRT   err |  pFFD  hFFD | pGaze hGaze |  race resid  skip hSkip
  ------------------------------------------------------------------------------------------------------------------------------------------------------
  As                56    60    18  +54.4   +1.5 |   239   291   -51 |   209   242 |   215   260 | +1.45 +0.32  0.00  0.21
  a                 60    60    20  +46.9  +13.4 |   238   179   +58 |   210   179 |   213   179 | +1.24 +0.50  0.85  0.79
  boy               61    70    20  +59.3   +1.6 |   253   216   +37 |   220   200 |   228   216 | +0.27 -0.77  0.38  0.36
  though            58    82    19  +62.9   -4.8 |   295   364   -68 |   232   234 |   271   305 | +1.13 -0.79  0.58  0.07
  I                 51    51    17  +44.6   +6.8 |   229   248   -20 |   201   248 |   204   248 | +1.35 +0.70  0.89  0.86
  had               59    67    19  +55.4   +3.2 |   250   343   -93 |   217   238 |   226   268 | +1.62 -0.14  0.82  0.50
  often             40    53    13  +66.8  -27.0 |   251   237   +14 |   202   237 |   226   237 | +0.55 -0.63  0.48  0.43
  stayed            47    66    15  +68.7  -21.9 |   278   279    -1 |   216   244 |   254   279 | +0.72 -0.73  0.50  0.36

  Sentence 2: "He had been completely under his..."
  word             bL1    L1    L2   form    ctx |  cTRT  hTRT   err |  pFFD  hFFD | pGaze hGaze |  race resid  skip hSkip
  ------------------------------------------------------------------------------------------------------------------------------------------------------
  He                51    55    17  +50.2   +0.9 |   234   257   -23 |   204   218 |   210   218 | +0.86 +0.94  0.00  0.21
  had               65    74    21  +55.4   +9.2 |   258   249    +8 |   224   208 |   233   208 | +0.80 +0.12  0.71  0.43
  been              57    71    19  +55.3   +2.1 |   260   240   +19 |   220   207 |   235   207 | +1.52 +0.00  0.82  0.36
  completely        27    51     9  +65.5  -38.1 |   342   245   +97 |   201   203 |   317   218 | -0.45 -1.26  0.15  0.00
  under             46    60    15  +61.7  -16.0 |   259   306   -47 |   210   212 |   234   250 | +0.80 -0.32  0.62  0.21
  his               54    62    18  +54.6   -1.0 |   245   216   +28 |   211   216 |   220   216 | +1.00 -0.43  0.64  0.50
  wifes             50    66    16  +93.9  -43.8 |   265   221   +43 |   216   173 |   240   185 | -0.16 -1.79  0.12  0.29
  ascendancy        43    80    14  +87.8  -45.2 |   374   546  -172 |   229   247 |   349   455 | -0.08 -2.16  0.10  0.00


  [val 13] epoch 3 batch 1373/6867 | lm=2.0e-05 head=5.0e-04 cog=3.0e-04
    combined=0.3304 | r_TRT=0.415 r_FFD=0.171 r_Gaze=0.358 r_skip=0.377
    MAE_TRT=58.3ms FFD=34.7ms Gaze=44.6ms | Bias_TRT=-5.1 Bias_FFD=+0.9 | mean_skip=0.583 std_skip=0.301
    Skip:  race_logit=+0.61+/-5.99 residual_abs=0.851
    Cog: a1R=93.9 a2R=3.395 eps=1.148 M1=124.7 M2=I=24.7 d=0.327

  [val 14] epoch 3 batch 2746/6867 | lm=2.0e-05 head=5.0e-04 cog=3.0e-04
    combined=0.3305 | r_TRT=0.424 r_FFD=0.182 r_Gaze=0.363 r_skip=0.354
    MAE_TRT=58.3ms FFD=35.0ms Gaze=44.9ms | Bias_TRT=-2.6 Bias_FFD=+4.2 | mean_skip=0.570 std_skip=0.290
    Skip:  race_logit=+0.45+/-5.96 residual_abs=0.774
    Cog: a1R=93.9 a2R=3.395 eps=1.148 M1=124.7 M2=I=24.6 d=0.325

  [val 15] epoch 3 batch 4119/6867 | lm=2.0e-05 head=5.0e-04 cog=3.0e-04
    combined=0.3302 | r_TRT=0.424 r_FFD=0.191 r_Gaze=0.363 r_skip=0.343
    MAE_TRT=58.1ms FFD=34.6ms Gaze=44.7ms | Bias_TRT=-4.6 Bias_FFD=+3.1 | mean_skip=0.593 std_skip=0.291
    Skip:  race_logit=+0.51+/-5.94 residual_abs=0.729
    Cog: a1R=93.9 a2R=3.395 eps=1.147 M1=124.6 M2=I=24.6 d=0.324

  [val 16] epoch 3 batch 5492/6867 | lm=2.0e-05 head=5.0e-04 cog=3.0e-04
    combined=0.3283 | r_TRT=0.414 r_FFD=0.151 r_Gaze=0.356 r_skip=0.392
    MAE_TRT=58.4ms FFD=35.1ms Gaze=43.4ms | Bias_TRT=-10.9 Bias_FFD=-2.1 | mean_skip=0.579 std_skip=0.297
    Skip:  race_logit=+0.75+/-5.94 residual_abs=0.947
    Cog: a1R=93.9 a2R=3.394 eps=1.146 M1=124.6 M2=I=24.6 d=0.322

  [val 17] epoch 3 batch 6865/6867 | lm=2.0e-05 head=5.0e-04 cog=3.0e-04
    combined=0.3389 | r_TRT=0.423 r_FFD=0.194 r_Gaze=0.366 r_skip=0.373
    MAE_TRT=58.1ms FFD=34.4ms Gaze=43.8ms | Bias_TRT=-8.8 Bias_FFD=+0.5 | mean_skip=0.574 std_skip=0.289
    Skip:  race_logit=+0.64+/-5.92 residual_abs=0.923
    Cog: a1R=93.9 a2R=3.394 eps=1.145 M1=124.5 M2=I=24.5 d=0.319

  [val 18] epoch 3 batch 6867/6867 | lm=2.0e-05 head=5.0e-04 cog=3.0e-04
    combined=0.3425 | r_TRT=0.423 r_FFD=0.198 r_Gaze=0.366 r_skip=0.383
    MAE_TRT=58.1ms FFD=34.3ms Gaze=43.9ms | Bias_TRT=-7.9 Bias_FFD=+1.3 | mean_skip=0.553 std_skip=0.288
    Skip:  race_logit=+0.60+/-5.91 residual_abs=0.962
    Cog: a1R=93.9 a2R=3.394 eps=1.145 M1=124.5 M2=I=24.5 d=0.319
    ** NEW BEST (combined=0.3425) **

[Epoch   3/50] 453.5s | loss=2.6642 (trt_mse=3873 ffd_mse=2372 gaze_mse=2617 skip_bce=0.107 skip_prior=0.006 res_reg=0.0017) | 54,930 samples
  Sentence 1: "As a boy though I had..."
  word             bL1    L1    L2   form    ctx |  cTRT  hTRT   err |  pFFD  hFFD | pGaze hGaze |  race resid  skip hSkip
  ------------------------------------------------------------------------------------------------------------------------------------------------------
  As                55    59    18  +54.4   +1.0 |   236   291   -55 |   208   242 |   211   260 | +1.12 +0.65  0.00  0.21
  a                 68    68    22  +46.9  +21.6 |   243   179   +64 |   217   179 |   219   179 | +1.25 +0.75  0.88  0.79
  boy               61    70    19  +59.3   +1.7 |   249   216   +33 |   219   200 |   224   216 | +1.17 -1.41  0.44  0.36
  though            45    63    14  +62.9  -18.2 |   266   364   -97 |   212   234 |   242   305 | +1.25 -1.67  0.40  0.07
  I                 50    50    16  +44.6   +5.1 |   225   248   -24 |   199   248 |   200   248 | +1.19 +1.21  0.92  0.86
  had               62    71    20  +55.4   +6.9 |   250   343   -93 |   220   238 |   226   268 | +1.17 -0.19  0.73  0.50
  often             48    63    15  +66.8  -19.0 |   254   237   +17 |   212   237 |   229   237 | -0.19 -0.82  0.27  0.43
  stayed            58    81    18  +68.7  -11.0 |   285   279    +6 |   230   244 |   261   279 | +0.81 -0.79  0.51  0.36

  Sentence 2: "He had been completely under his..."
  word             bL1    L1    L2   form    ctx |  cTRT  hTRT   err |  pFFD  hFFD | pGaze hGaze |  race resid  skip hSkip
  ------------------------------------------------------------------------------------------------------------------------------------------------------
  He                51    54    16  +50.2   +0.6 |   231   257   -27 |   203   218 |   206   218 | +0.62 +0.94  0.00  0.21
  had               70    80    22  +55.4  +14.7 |   259   249   +10 |   229   208 |   235   208 | +1.09 +0.04  0.76  0.43
  been              53    65    17  +55.3   -2.6 |   248   240    +7 |   214   207 |   223   207 | +1.19 -0.25  0.72  0.36
  completely        32    58    10  +65.5  -33.9 |   351   245  +106 |   207   203 |   327   218 | -0.50 -1.06  0.17  0.00
  under             47    62    15  +61.7  -14.4 |   253   306   -53 |   211   212 |   228   250 | +0.70 -0.43  0.57  0.21
  his               56    64    18  +54.6   +1.3 |   243   216   +26 |   213   216 |   218   216 | +0.93 -0.36  0.64  0.50
  wifes             52    68    17  +93.9  -42.1 |   259   221   +38 |   217   173 |   234   185 | -1.47 -1.33  0.06  0.29
  ascendancy        57   106    18  +87.8  -30.4 |   405   546  -141 |   255   247 |   380   455 | +1.30 -2.52  0.23  0.00


  [val 19] epoch 4 batch 1373/6867 | lm=2.0e-05 head=5.0e-04 cog=3.0e-04
    combined=0.3243 | r_TRT=0.415 r_FFD=0.178 r_Gaze=0.357 r_skip=0.347
    MAE_TRT=58.4ms FFD=35.3ms Gaze=44.8ms | Bias_TRT=-6.4 Bias_FFD=+3.3 | mean_skip=0.590 std_skip=0.299
    Skip:  race_logit=+0.50+/-5.92 residual_abs=0.869
    Cog: a1R=93.9 a2R=3.394 eps=1.145 M1=124.5 M2=I=24.5 d=0.318

  [val 20] epoch 4 batch 2746/6867 | lm=2.0e-05 head=5.0e-04 cog=3.0e-04
    combined=0.3245 | r_TRT=0.412 r_FFD=0.166 r_Gaze=0.355 r_skip=0.366
    MAE_TRT=58.4ms FFD=35.3ms Gaze=44.1ms | Bias_TRT=-7.9 Bias_FFD=+2.5 | mean_skip=0.600 std_skip=0.299
    Skip:  race_logit=+0.54+/-5.90 residual_abs=0.880
    Cog: a1R=93.9 a2R=3.394 eps=1.145 M1=124.4 M2=I=24.4 d=0.317

  [val 21] epoch 4 batch 4119/6867 | lm=2.0e-05 head=5.0e-04 cog=3.0e-04
    combined=0.3316 | r_TRT=0.408 r_FFD=0.175 r_Gaze=0.353 r_skip=0.390
    MAE_TRT=58.5ms FFD=34.8ms Gaze=44.2ms | Bias_TRT=-8.3 Bias_FFD=+2.5 | mean_skip=0.572 std_skip=0.295
    Skip:  race_logit=+0.53+/-5.88 residual_abs=0.932
    Cog: a1R=93.9 a2R=3.394 eps=1.144 M1=124.4 M2=I=24.4 d=0.315

  [val 22] epoch 4 batch 5492/6867 | lm=2.0e-05 head=5.0e-04 cog=3.0e-04
    combined=0.3425 | r_TRT=0.414 r_FFD=0.182 r_Gaze=0.356 r_skip=0.417
    MAE_TRT=58.5ms FFD=35.6ms Gaze=45.0ms | Bias_TRT=-3.5 Bias_FFD=+7.7 | mean_skip=0.550 std_skip=0.302
    Skip:  race_logit=+0.30+/-5.85 residual_abs=1.001
    Cog: a1R=93.9 a2R=3.394 eps=1.143 M1=124.3 M2=I=24.3 d=0.313

  [val 23] epoch 4 batch 6865/6867 | lm=2.0e-05 head=5.0e-04 cog=3.0e-04
    combined=0.3367 | r_TRT=0.422 r_FFD=0.188 r_Gaze=0.364 r_skip=0.373
    MAE_TRT=58.1ms FFD=34.8ms Gaze=43.5ms | Bias_TRT=-10.6 Bias_FFD=+1.3 | mean_skip=0.601 std_skip=0.298
    Skip:  race_logit=+0.59+/-5.86 residual_abs=0.907
    Cog: a1R=93.9 a2R=3.394 eps=1.143 M1=124.3 M2=I=24.3 d=0.310

  [val 24] epoch 4 batch 6867/6867 | lm=2.0e-05 head=5.0e-04 cog=3.0e-04
    combined=0.3379 | r_TRT=0.421 r_FFD=0.188 r_Gaze=0.364 r_skip=0.379
    MAE_TRT=58.1ms FFD=34.7ms Gaze=43.5ms | Bias_TRT=-10.7 Bias_FFD=+1.2 | mean_skip=0.596 std_skip=0.298
    Skip:  race_logit=+0.59+/-5.86 residual_abs=0.928
    Cog: a1R=93.9 a2R=3.394 eps=1.143 M1=124.3 M2=I=24.3 d=0.310

[Epoch   4/50] 456.6s | loss=2.6432 (trt_mse=3822 ffd_mse=2360 gaze_mse=2582 skip_bce=0.105 skip_prior=0.006 res_reg=0.0017) | 54,930 samples
  Sentence 1: "As a boy though I had..."
  word             bL1    L1    L2   form    ctx |  cTRT  hTRT   err |  pFFD  hFFD | pGaze hGaze |  race resid  skip hSkip
  ------------------------------------------------------------------------------------------------------------------------------------------------------
  As                56    60    17  +54.4   +1.5 |   234   291   -56 |   208   242 |   210   260 | +0.78 +1.24  0.00  0.21
  a                 77    77    24  +46.9  +29.7 |   250   179   +71 |   225   179 |   226   179 | +1.01 +1.13  0.89  0.79
  boy               66    76    21  +59.3   +7.2 |   252   216   +36 |   225   200 |   228   216 | +0.21 -0.71  0.38  0.36
  though            60    84    19  +62.9   -2.5 |   283   364   -81 |   233   234 |   259   305 | +0.50 -0.05  0.61  0.07
  I                 64    64    20  +44.6  +19.2 |   238   248   -11 |   212   248 |   213   248 | +1.01 +1.43  0.92  0.86
  had               66    76    21  +55.4  +11.1 |   252   343   -91 |   225   238 |   228   268 | +1.35 +0.15  0.82  0.50
  often             45    59    14  +66.8  -21.6 |   245   237    +8 |   208   237 |   221   237 | -0.46 -0.76  0.23  0.43
  stayed            62    87    19  +68.7   -6.5 |   285   279    +6 |   235   244 |   261   279 | +0.62 -0.60  0.51  0.36

  Sentence 2: "He had been completely under his..."
  word             bL1    L1    L2   form    ctx |  cTRT  hTRT   err |  pFFD  hFFD | pGaze hGaze |  race resid  skip hSkip
  ------------------------------------------------------------------------------------------------------------------------------------------------------
  He                50    53    15  +50.2   -0.3 |   228   257   -29 |   202   218 |   204   218 | +0.19 +0.79  0.00  0.21
  had               79    91    25  +55.4  +23.9 |   267   249   +18 |   239   208 |   243   208 | +0.86 +0.73  0.83  0.43
  been              57    70    18  +55.3   +1.9 |   250   240    +9 |   218   207 |   225   207 | +1.54 +0.04  0.83  0.36
  completely        28    51     9  +65.5  -37.5 |   343   245   +98 |   200   203 |   319   218 | -0.51 -1.16  0.16  0.00
  under             48    63    15  +61.7  -13.5 |   249   306   -57 |   211   212 |   225   250 | +0.71 -0.28  0.61  0.21
  his               56    64    17  +54.6   +1.5 |   240   216   +24 |   213   216 |   216   216 | +1.55 -0.59  0.72  0.50
  wifes             42    55    13  +93.9  -52.1 |   241   221   +19 |   203   173 |   216   185 | -0.66 -1.23  0.13  0.29
  ascendancy        50    91    15  +87.8  -38.0 |   388   546  -158 |   239   247 |   364   455 | +0.95 -2.50  0.17  0.00


  [val 25] epoch 5 batch 1373/6867 | lm=2.0e-05 head=5.0e-04 cog=3.0e-04
    combined=0.3393 | r_TRT=0.412 r_FFD=0.190 r_Gaze=0.361 r_skip=0.394
    MAE_TRT=58.6ms FFD=35.6ms Gaze=44.9ms | Bias_TRT=-5.3 Bias_FFD=+6.8 | mean_skip=0.556 std_skip=0.306
    Skip:  race_logit=+0.34+/-5.85 residual_abs=1.051
    Cog: a1R=93.9 a2R=3.394 eps=1.143 M1=124.2 M2=I=24.2 d=0.309

  [val 26] epoch 5 batch 2746/6867 | lm=2.0e-05 head=5.0e-04 cog=3.0e-04
    combined=0.3331 | r_TRT=0.416 r_FFD=0.193 r_Gaze=0.362 r_skip=0.362
    MAE_TRT=58.2ms FFD=35.1ms Gaze=44.5ms | Bias_TRT=-8.1 Bias_FFD=+4.4 | mean_skip=0.565 std_skip=0.298
    Skip:  race_logit=+0.44+/-5.84 residual_abs=0.917
    Cog: a1R=93.9 a2R=3.394 eps=1.142 M1=124.2 M2=I=24.2 d=0.307

  [val 27] epoch 5 batch 4119/6867 | lm=2.0e-05 head=5.0e-04 cog=3.0e-04
    combined=0.3124 | r_TRT=0.407 r_FFD=0.147 r_Gaze=0.351 r_skip=0.345
    MAE_TRT=58.6ms FFD=36.2ms Gaze=43.9ms | Bias_TRT=-12.1 Bias_FFD=+1.0 | mean_skip=0.644 std_skip=0.311
    Skip:  race_logit=+0.61+/-5.85 residual_abs=1.037
    Cog: a1R=93.9 a2R=3.393 eps=1.141 M1=124.2 M2=I=24.1 d=0.306

  [val 28] epoch 5 batch 5492/6867 | lm=2.0e-05 head=5.0e-04 cog=3.0e-04
    combined=0.3340 | r_TRT=0.411 r_FFD=0.185 r_Gaze=0.358 r_skip=0.382
    MAE_TRT=58.4ms FFD=35.1ms Gaze=44.0ms | Bias_TRT=-10.3 Bias_FFD=+3.0 | mean_skip=0.574 std_skip=0.301
    Skip:  race_logit=+0.51+/-5.82 residual_abs=0.986
    Cog: a1R=93.9 a2R=3.393 eps=1.141 M1=124.1 M2=I=24.1 d=0.304

  [val 29] epoch 5 batch 6865/6867 | lm=2.0e-05 head=5.0e-04 cog=3.0e-04
    combined=0.3382 | r_TRT=0.417 r_FFD=0.196 r_Gaze=0.363 r_skip=0.377
    MAE_TRT=58.2ms FFD=35.4ms Gaze=44.2ms | Bias_TRT=-7.2 Bias_FFD=+6.4 | mean_skip=0.568 std_skip=0.300
    Skip:  race_logit=+0.36+/-5.80 residual_abs=0.977
    Cog: a1R=93.9 a2R=3.393 eps=1.141 M1=124.1 M2=I=24.0 d=0.302

  [val 30] epoch 5 batch 6867/6867 | lm=2.0e-05 head=5.0e-04 cog=3.0e-04
    combined=0.3377 | r_TRT=0.417 r_FFD=0.193 r_Gaze=0.363 r_skip=0.378
    MAE_TRT=58.2ms FFD=35.4ms Gaze=44.1ms | Bias_TRT=-7.5 Bias_FFD=+6.1 | mean_skip=0.572 std_skip=0.301
    Skip:  race_logit=+0.38+/-5.80 residual_abs=0.981
    Cog: a1R=93.9 a2R=3.393 eps=1.141 M1=124.1 M2=I=24.0 d=0.302

[Epoch   5/50] 452.7s | loss=2.6201 (trt_mse=3787 ffd_mse=2341 gaze_mse=2556 skip_bce=0.105 skip_prior=0.006 res_reg=0.0017) | 54,930 samples
  Sentence 1: "As a boy though I had..."
  word             bL1    L1    L2   form    ctx |  cTRT  hTRT   err |  pFFD  hFFD | pGaze hGaze |  race resid  skip hSkip
  ------------------------------------------------------------------------------------------------------------------------------------------------------
  As                61    65    19  +54.4   +6.9 |   239   291   -52 |   214   242 |   215   260 | +0.50 +1.17  0.00  0.21
  a                 83    83    25  +46.9  +36.6 |   256   179   +77 |   232   179 |   232   179 | +0.58 +1.90  0.92  0.79
  boy               76    87    23  +59.3  +17.0 |   262   216   +46 |   235   200 |   238   216 | +0.52 -0.55  0.49  0.36
  though            56    78    17  +62.9   -7.0 |   271   364   -92 |   226   234 |   247   305 | +0.97 -0.28  0.67  0.07
  I                 55    55    17  +44.6  +10.9 |   228   248   -20 |   204   248 |   204   248 | +0.90 +1.87  0.94  0.86
  had               69    79    21  +55.4  +13.7 |   253   343   -90 |   227   238 |   229   268 | +1.25 +0.52  0.85  0.50
  often             47    61    14  +66.8  -19.8 |   244   237    +7 |   209   237 |   220   237 | -0.35 -0.74  0.25  0.43
  stayed            61    85    18  +68.7   -7.5 |   279   279    -0 |   233   244 |   255   279 | +0.43 -0.71  0.43  0.36

  Sentence 2: "He had been completely under his..."
  word             bL1    L1    L2   form    ctx |  cTRT  hTRT   err |  pFFD  hFFD | pGaze hGaze |  race resid  skip hSkip
  ------------------------------------------------------------------------------------------------------------------------------------------------------
  He                54    58    16  +50.2   +4.2 |   231   257   -26 |   206   218 |   207   218 | +0.48 +1.08  0.00  0.21
  had               73    84    22  +55.4  +18.1 |   259   249    +9 |   232   208 |   235   208 | +0.57 +0.10  0.66  0.43
  been              63    76    19  +55.3   +7.5 |   254   240   +13 |   225   207 |   230   207 | +0.73 -0.05  0.66  0.36
  completely        38    68    11  +65.5  -27.7 |   362   245  +116 |   216   203 |   337   218 | -1.12 -0.63  0.15  0.00
  under             55    72    17  +61.7   -6.2 |   255   306   -51 |   220   212 |   231   250 | +0.71 +0.09  0.69  0.21
  his               56    64    17  +54.6   +1.8 |   239   216   +23 |   212   216 |   215   216 | +1.07 -0.06  0.73  0.50
  wifes             50    65    15  +93.9  -43.8 |   248   221   +27 |   213   173 |   224   185 | -0.38 -0.88  0.22  0.29
  ascendancy        47    86    14  +87.8  -40.3 |   381   546  -164 |   234   247 |   357   455 | +0.92 -2.79  0.13  0.00


  [val 31] epoch 6 batch 1373/6867 | lm=2.0e-05 head=4.9e-04 cog=3.0e-04
    combined=0.3071 | r_TRT=0.407 r_FFD=0.178 r_Gaze=0.353 r_skip=0.290
    MAE_TRT=58.5ms FFD=35.7ms Gaze=44.5ms | Bias_TRT=-12.4 Bias_FFD=+1.6 | mean_skip=0.676 std_skip=0.306
    Skip:  race_logit=+0.58+/-5.83 residual_abs=1.025
    Cog: a1R=93.9 a2R=3.393 eps=1.141 M1=124.0 M2=I=24.0 d=0.301

  [val 32] epoch 6 batch 2746/6867 | lm=2.0e-05 head=4.9e-04 cog=3.0e-04
    combined=0.3122 | r_TRT=0.396 r_FFD=0.145 r_Gaze=0.343 r_skip=0.365
    MAE_TRT=58.9ms FFD=36.5ms Gaze=44.4ms | Bias_TRT=-9.1 Bias_FFD=+5.2 | mean_skip=0.601 std_skip=0.307
    Skip:  race_logit=+0.41+/-5.81 residual_abs=0.993
    Cog: a1R=93.9 a2R=3.393 eps=1.140 M1=124.0 M2=I=24.0 d=0.299

  [val 33] epoch 6 batch 4119/6867 | lm=2.0e-05 head=4.9e-04 cog=3.0e-04
    combined=0.3162 | r_TRT=0.399 r_FFD=0.153 r_Gaze=0.346 r_skip=0.366
    MAE_TRT=59.0ms FFD=35.7ms Gaze=43.9ms | Bias_TRT=-13.3 Bias_FFD=+1.4 | mean_skip=0.605 std_skip=0.307
    Skip:  race_logit=+0.57+/-5.80 residual_abs=0.967
    Cog: a1R=93.9 a2R=3.393 eps=1.140 M1=123.9 M2=I=23.9 d=0.298

  Early stopping at val-step 33 (epoch 6, batch 4119): no improvement for 15 val-steps (best combined=0.3425).

====================================================================================================
Training complete! Best val combined = 0.3425
====================================================================================================
  Cognitive cascade parameters:
    l1_base_offset  (alpha1_norm) =   59.97 ms
    l1_freq_coef    (alpha2_norm) =  -16.96    (on normed log_freq)
    -- Reichle-unit equivalents --
    alpha1_reichle              =   93.90 ms  (Reichle 2003: 104)
    alpha2_reichle              =  3.3928     (Reichle 2003: 3.4)
    delta (L2/L1)               =  0.2975     (Reichle: 0.34, allowed [0.1, 0.5])
    epsilon (ecc exp)           =  1.1397     (Reichle: 1.15)
    M1 (labile)                 =  123.93 ms  (Reichle: 125)
    M2 = I (tied)               =   23.91 ms  (Reichle: M2=25, I=25)
    lambda_refix                =  0.7832
    refix_pivot                 =    8.54 chars
    skip_temperature            =   31.16 ms
    L1 soft floor               = 5.0 ms
    First-word skip floor       = 1e-06
    (pF, reg_weight DROPPED — lesion showed Δr ≈ -0.001)

Loaded best checkpoint from epoch 3, val-step 18 for test eval.
Best checkpoint val metrics: r_TRT=0.423, r_FFD=0.198, r_Gaze=0.366, r_skip=0.383

Test set results (from best checkpoint):
  r_TRT=0.434  r_FFD=0.200  r_Gaze=0.379  r_skip=0.385
  combined = 0.3497
  MAE_TRT=58.9ms  MAE_FFD=35.3ms  MAE_Gaze=44.3ms
  Bias_TRT=-8.9ms  Bias_FFD=+0.1ms  Bias_Gaze=+3.0ms
  mean_skip = 0.548 (data mean train = 0.528)
  std_skip = 0.286

Sample test predictions:
  Sentence 1: "I will therefore briefly set down..."
  word             bL1    L1    L2   form    ctx |  cTRT  hTRT   err |  pFFD  hFFD | pGaze hGaze |  race resid  skip hSkip
  ------------------------------------------------------------------------------------------------------------------------------------------------------
  I                 46    46    15  +44.6   +1.7 |   221   184   +38 |   195   184 |   197   184 | +0.96 +1.40  0.00  0.86
  will              63    77    20  +54.6   +8.5 |   261   233   +28 |   226   117 |   236   158 | +0.07 +0.35  0.60  0.64
  therefore         47    81    15  +70.3  -23.0 |   355   301   +55 |   230   225 |   331   259 | +0.82 -0.68  0.54  0.14
  briefly           31    47    10  +76.6  -45.4 |   268   421  -153 |   196   231 |   244   314 | +0.31 -1.64  0.21  0.50
  set               54    62    17  +62.1   -7.6 |   241   276   -35 |   211   199 |   217   213 | +1.63 -0.53  0.75  0.50
  down              43    53    14  +55.8  -12.9 |   236   249   -14 |   202   194 |   211   221 | +2.37 -1.45  0.72  0.36
  the               29    34     9  +45.6  -16.2 |   212   161   +51 |   183   161 |   188   161 | +2.20 -0.32  0.87  0.64
  circumstances     18    40     6  +69.9  -52.2 |   361   261  +100 |   189   208 |   337   261 | -0.06 -2.34  0.08  0.00
  which             35    46    11  +59.6  -24.8 |   236   303   -67 |   195   284 |   211   284 | +0.33 +0.34  0.66  0.43
  led               62    71    20  +69.8   -7.8 |   250   208   +42 |   220   208 |   225   208 | +2.15 -0.82  0.79  0.64

  Sentence 2: "I had been invalided home from..."
  word             bL1    L1    L2   form    ctx |  cTRT  hTRT   err |  pFFD  hFFD | pGaze hGaze |  race resid  skip hSkip
  ------------------------------------------------------------------------------------------------------------------------------------------------------
  I                 46    46    15  +44.6   +1.7 |   221   267   -46 |   195   207 |   197   207 | +0.86 +1.40  0.00  0.43
  had               70    80    22  +55.4  +14.3 |   259   274   -16 |   229   224 |   234   224 | +0.99 +0.32  0.79  0.29
  been              54    67    17  +55.3   -0.9 |   250   301   -51 |   216   219 |   225   219 | -0.74 -0.10  0.30  0.21
  invalided         57    98    18  +87.8  -30.8 |   374  1063  -689 |   247   217 |   350   388 | -0.13 -1.82  0.12  0.00
  home              50    61    16  +58.0   -8.2 |   244   571  -327 |   210   271 |   220   332 | +0.77 -0.96  0.45  0.29
  from              55    67    17  +54.7   -0.2 |   250   435  -185 |   216   224 |   226   234 | +1.06 +0.38  0.81  0.14
  the               53    61    17  +45.6   +7.6 |   240   196   +44 |   210   129 |   215   129 | +1.49 -0.02  0.81  0.79
  Front             42    56    14  +62.9  -20.4 |   246   307   -61 |   205   256 |   222   267 | +2.00 -2.00  0.50  0.00
  and               34    39    11  +48.3  -14.4 |   217   272   -54 |   188   164 |   193   213 | +0.62 +0.75  0.80  0.36
  after             57    75    18  +58.4   -1.3 |   266   223   +43 |   224   223 |   241   223 | -0.84 +0.26  0.36  0.36

  Sentence 3: "Oh yes"
  word             bL1    L1    L2   form    ctx |  cTRT  hTRT   err |  pFFD  hFFD | pGaze hGaze |  race resid  skip hSkip
  ------------------------------------------------------------------------------------------------------------------------------------------------------
  Oh                54    58    17  +53.1   +0.8 |   234   235    -1 |   207   235 |   209   235 | +1.32 +0.47  0.00  0.64
  yes               56    64    18  +54.8   +0.8 |   242   232   +10 |   213   204 |   218   232 | -41.17 -2.08  0.00  0.14

