Auto-freeze: 16/22 layers
Device: cuda
Loading SUBTLEX from /home/u384661/Neuro_EZR/src_v2/lm_train/../../data/SUBTLEXus.txt...
  74,286 entries
Loading GECO Corpus...
  Loading GECO material...
    5285 sentences, 54362 words
    Loaded predictability for 5285 sentences
  Loading GECO reading data...
    72669 participant × sentence combinations
  Raw per-participant observations: 68,681
  Train: 54,930 | Val: 6,871 | Test: 6,880
  Aggregated sentences (min 5 participants): 4994
  Aggregated: 3995 train | 499 val | 500 test

Loading model: TinyLlama/TinyLlama-1.1B-Chat-v1.0
  Freezing first 16 layers
  Total parameters:      1,035,103,507
  Frozen (LM):           770,244,608
  Trainable LM:          264,267,776   (lr=2e-05)
  Trainable heads:       591,106   (lr=0.0005)
  Trainable cognitive:   17    (lr=0.001)  (Mψ + I/M2/A untied + ifail + p_correct + lambda_refix)

====================================================================================================
Training HYBRID v4c_full on GECO  (v4c + Mψ + landing-refix + integration + regression direction)
  Model: TinyLlama/TinyLlama-1.1B-Chat-v1.0
  base_L1 = alpha1 + alpha2 * (log(freq)-10)/5  + ctx_head(LLaMA_hidden)
  Mψ: sys_err = (7 - intended_sac_len)*(omega1 - log launch_dur)/omega2
      sigma   = eta1 + eta2 * intended_sac_len
      E[L1_ecc] = base_L1 * eps^(sys_err + (w-1)/2) * exp(0.5 sigma^2 (ln eps)^2)
  Refix: P_refix = clamp(lambda_refix * E[|landing - target|], 0, 0.95)
  L2 = delta * base_L1 | FFD = E[L1_ecc] + M1 + M2
  Gaze = FFD + P_refix * (L2 + M1 + M2)
  Integration: p_fail = sigmoid(ifail_offset + ifail_coef * log_freq_norm)
  Regression cost = p_correct * (M1+M2+0.1*L1+L2+I)
                  + (1-p_correct) * (M1+M2+0.1*L1[n-1]+L2[n-1]+I+A)
  TRT = Gaze + I + p_fail * regression_cost
  Skip = sigmoid((M1 - L1_next_parafoveal)/skip_temperature + residual)
  Loss: trt/SIGMA2 + ffd/SIGMA2 + gaze/SIGMA2 + bce + residual_reg + skip_prior
  LR: cosine warmup=2 ep, 42950 total steps
  Early stop: 10 epochs on r_TRT
  Batch: 8 | Accum: 8 | Effective: 64
  AMP: True
====================================================================================================
  Cognitive cascade parameters:
    l1_base_offset  (alpha1_norm) =   60.00 ms
    l1_freq_coef    (alpha2_norm) =  -17.00    (on normed log_freq)
    -- Reichle-unit equivalents --
    alpha1_reichle              =   94.00 ms  (Reichle 2003: 104)
    alpha2_reichle              =  3.4000     (Reichle 2003: 3.4)
    delta (L2/L1)               =  0.3400     (Reichle: 0.34, allowed [0.1, 0.5])
    epsilon (ecc exp)           =  1.1500     (Reichle: 1.15)
    -- Saccade & integration timing (untied) --
    M1 (labile)                 =  125.00 ms  (Reichle: 125)
    M2 (non-labile)             =   25.00 ms  (Reichle: 25)
    I (integration_time)        =   25.00 ms  (Reichle: 25)
    A (attention_shift)         =   25.00 ms  (Reichle: 25)
    -- Mψ (saccade execution noise) --
    omega1                      =  6.0000    (Reichle: 6)
    omega2                      =  3.0010    (Reichle: 3)
    eta1                        =  0.5000    (Reichle: 0.5)
    eta2                        =  0.1500    (Reichle: 0.15)
    -- Refixation (landing-driven) --
    lambda_refix                =  0.1600   (Reichle: 0.16)
    -- Integration / regression --
    ifail_offset                = -2.9444
    ifail_coef                  = -0.5000   (sign: high freq → low p_fail)
    p_correct_regression        =  0.6000    (Reichle: 0.6)
    --
    skip_temperature            =   31.00 ms
    L1 soft floor               = 5.0 ms (no hard ceiling)

[Epoch   1/50] 781.1s | lm_lr=1.00e-05 head_lr=2.50e-04 cog_lr=5.00e-04
  Train: loss=3.5969 (trt_mse=8429 ffd_mse=4247 gaze_mse=5681 skip_bce=0.072 skip_prior=0.003 res_reg=0.0008) | 54,930 samples
  Val:   r_TRT=0.431  r_FFD=0.190  r_Gaze=0.359  r_skip=0.496
  Val:   MAE_TRT=60.5ms  MAE_FFD=34.7ms  MAE_Gaze=42.8ms
  Val:   Bias_TRT=+0.5ms  Bias_FFD=+2.8ms
  Pred:  base_L1=48+/-9  L1_ecc=62+/-16  L2=15+/-3  mean_skip=0.646
  Mψ:    sys_err=+0.28+/-0.25  sigma=1.05+/-0.39  refix=0.113+/-0.040
  Integ: p_fail=0.041+/-0.008
  Cog: d=0.321 a1R=93.7 a2R=3.380 eps=1.138 M1=124.8 M2=24.7 I=24.8 A=24.8
       w1=5.84 w2=3.19 e1=0.462 e2=0.136 lam=0.127 pcr=0.651
  Sentence 1: "As a boy though I had..."
  word             bL1    L1    L2  sErr  sig   pf  rfx |  cTRT  hTRT |  pFFD  hFFD | pGaze hGaze |  skip hSkip
  ------------------------------------------------------------------------------------------------------------------------------------------------------
  As                55    59    18 +0.00 0.00 0.04 0.00 |   241   291 |   209   242 |   209   260 |  0.89  0.21
  a                 48    52    15 +0.70 0.80 0.03 0.11 |   251   179 |   202   179 |   220   179 |  0.87  0.79
  boy               60    76    19 +0.69 0.87 0.04 0.11 |   278   216 |   225   200 |   245   216 |  0.38  0.36
  though            60    86    19 +0.21 1.21 0.04 0.12 |   291   364 |   236   234 |   257   305 |  0.63  0.07
  I                 45    47    14 +0.30 1.07 0.03 0.11 |   246   248 |   196   248 |   215   248 |  0.90  0.86
  had               56    70    18 +0.71 0.87 0.04 0.12 |   272   343 |   220   238 |   239   268 |  0.71  0.50
  often             53    71    17 +0.30 1.14 0.05 0.12 |   275   237 |   221   237 |   241   237 |  0.48  0.43
  stayed            53    76    17 +0.07 1.35 0.05 0.14 |   283   279 |   225   244 |   248   279 |  0.46  0.36

  Sentence 2: "He had been completely under his..."
  word             bL1    L1    L2  sErr  sig   pf  rfx |  cTRT  hTRT |  pFFD  hFFD | pGaze hGaze |  skip hSkip
  ------------------------------------------------------------------------------------------------------------------------------------------------------
  He                51    54    16 +0.00 0.00 0.04 0.00 |   235   257 |   203   218 |   203   218 |  0.89  0.21
  had               56    69    18 +0.57 0.94 0.04 0.11 |   270   249 |   218   208 |   237   208 |  0.74  0.43
  been              56    72    18 +0.37 1.07 0.04 0.12 |   274   240 |   222   207 |   241   207 |  0.77  0.36
  completely        32    57    10 -0.14 1.55 0.05 0.16 |   265   245 |   206   203 |   231   218 |  0.13  0.00
  under             47    60    15 -0.24 1.62 0.04 0.17 |   270   306 |   210   212 |   237   250 |  0.64  0.21
  his               47    57    15 +0.31 1.14 0.04 0.12 |   258   216 |   206   216 |   226   216 |  0.61  0.50
  wifes             61    83    20 +0.33 1.14 0.07 0.12 |   293   221 |   232   173 |   253   185 |  0.04  0.29
  ascendancy        63   112    20 -0.19 1.62 0.07 0.17 |   329   546 |   262   247 |   290   455 |  0.18  0.00

  ** NEW BEST (r_TRT=0.431) **

[Epoch   2/50] 780.2s | lm_lr=2.00e-05 head_lr=5.00e-04 cog_lr=1.00e-03
  Train: loss=2.0043 (trt_mse=4657 ffd_mse=2379 gaze_mse=3045 skip_bce=0.063 skip_prior=0.004 res_reg=0.0018) | 54,930 samples
  Val:   r_TRT=0.446  r_FFD=0.208  r_Gaze=0.375  r_skip=0.497
  Val:   MAE_TRT=59.7ms  MAE_FFD=35.6ms  MAE_Gaze=42.2ms
  Val:   Bias_TRT=-7.6ms  Bias_FFD=+8.9ms
  Pred:  base_L1=57+/-10  L1_ecc=70+/-17  L2=18+/-3  mean_skip=0.621
  Mψ:    sys_err=+0.01+/-0.05  sigma=0.73+/-0.28  refix=0.047+/-0.018
  Integ: p_fail=0.028+/-0.002
  Cog: d=0.308 a1R=93.7 a2R=3.377 eps=1.123 M1=124.0 M2=24.0 I=24.0 A=24.4
       w1=5.38 w2=3.56 e1=0.307 e2=0.098 lam=0.080 pcr=0.738
  Sentence 1: "As a boy though I had..."
  word             bL1    L1    L2  sErr  sig   pf  rfx |  cTRT  hTRT |  pFFD  hFFD | pGaze hGaze |  skip hSkip
  ------------------------------------------------------------------------------------------------------------------------------------------------------
  As                59    63    18 -0.00 0.00 0.03 0.00 |   241   291 |   211   242 |   211   260 |  0.93  0.21
  a                 61    62    19 +0.03 0.55 0.03 0.04 |   246   179 |   209   179 |   215   179 |  0.88  0.79
  boy               66    75    20 +0.04 0.60 0.03 0.04 |   259   216 |   223   200 |   229   216 |  0.29  0.36
  though            65    87    20 -0.01 0.85 0.03 0.05 |   274   364 |   235   234 |   245   305 |  0.48  0.07
  I                 59    58    18 -0.06 0.75 0.03 0.05 |   245   248 |   206   248 |   214   248 |  0.85  0.86
  had               73    83    23 +0.05 0.60 0.03 0.04 |   267   343 |   231   238 |   237   268 |  0.64  0.50
  often             59    75    18 -0.03 0.80 0.03 0.05 |   261   237 |   223   237 |   231   237 |  0.32  0.43
  stayed            66    89    20 -0.00 0.95 0.03 0.06 |   276   279 |   237   244 |   247   279 |  0.49  0.36

  Sentence 2: "He had been completely under his..."
  word             bL1    L1    L2  sErr  sig   pf  rfx |  cTRT  hTRT |  pFFD  hFFD | pGaze hGaze |  skip hSkip
  ------------------------------------------------------------------------------------------------------------------------------------------------------
  He                54    58    17 -0.00 0.00 0.03 0.00 |   235   257 |   205   218 |   205   218 |  0.89  0.21
  had               73    82    22 +0.05 0.65 0.03 0.04 |   267   249 |   230   208 |   237   208 |  0.74  0.43
  been              63    75    19 -0.04 0.75 0.03 0.05 |   261   240 |   223   207 |   231   207 |  0.54  0.36
  completely        51    86    16 +0.01 1.09 0.03 0.07 |   275   245 |   234   203 |   246   218 |  0.21  0.00
  under             60    76    18 +0.03 1.14 0.03 0.07 |   266   306 |   224   212 |   236   250 |  0.57  0.21
  his               67    76    21 -0.02 0.80 0.03 0.05 |   262   216 |   223   216 |   232   216 |  0.71  0.50
  wifes             66    83    20 -0.02 0.80 0.02 0.05 |   268   221 |   231   173 |   240   185 |  0.10  0.29
  ascendancy        65   111    20 +0.03 1.14 0.02 0.07 |   300   546 |   259   247 |   272   455 |  0.14  0.00

  ** NEW BEST (r_TRT=0.446) **

[Epoch   3/50] 784.5s | lm_lr=2.00e-05 head_lr=4.99e-04 cog_lr=9.99e-04
  Train: loss=1.8172 (trt_mse=3953 ffd_mse=2319 gaze_mse=2616 skip_bce=0.062 skip_prior=0.004 res_reg=0.0018) | 54,930 samples
  Val:   r_TRT=0.412  r_FFD=0.207  r_Gaze=0.358  r_skip=0.508
  Val:   MAE_TRT=60.1ms  MAE_FFD=35.9ms  MAE_Gaze=42.4ms
  Val:   Bias_TRT=-14.6ms  Bias_FFD=+8.2ms
  Pred:  base_L1=60+/-13  L1_ecc=71+/-19  L2=18+/-4  mean_skip=0.629
  Mψ:    sys_err=-0.15+/-0.15  sigma=0.37+/-0.14  refix=0.022+/-0.008
  Integ: p_fail=0.023+/-0.005
  Cog: d=0.306 a1R=93.7 a2R=3.375 eps=1.115 M1=123.1 M2=23.0 I=23.1 A=24.2
       w1=5.04 w2=3.65 e1=0.138 e2=0.053 lam=0.065 pcr=0.784
  Sentence 1: "As a boy though I had..."
  word             bL1    L1    L2  sErr  sig   pf  rfx |  cTRT  hTRT |  pFFD  hFFD | pGaze hGaze |  skip hSkip
  ------------------------------------------------------------------------------------------------------------------------------------------------------
  As                62    65    19 -0.00 0.00 0.02 0.00 |   239   291 |   211   242 |   211   260 |  0.90  0.21
  a                 81    77    25 -0.38 0.27 0.03 0.03 |   257   179 |   223   179 |   228   179 |  0.85  0.79
  boy               83    88    25 -0.42 0.30 0.02 0.03 |   267   216 |   234   200 |   239   216 |  0.45  0.36
  though            64    83    20 -0.18 0.43 0.02 0.02 |   260   364 |   229   234 |   233   305 |  0.55  0.07
  I                 56    54    17 -0.27 0.38 0.03 0.02 |   233   248 |   200   248 |   204   248 |  0.89  0.86
  had               80    87    25 -0.29 0.30 0.02 0.02 |   265   343 |   233   238 |   237   268 |  0.69  0.50
  often             67    81    20 -0.23 0.40 0.02 0.02 |   258   237 |   227   237 |   231   237 |  0.42  0.43
  stayed            68    89    21 -0.05 0.48 0.02 0.03 |   266   279 |   235   244 |   240   279 |  0.45  0.36

  Sentence 2: "He had been completely under his..."
  word             bL1    L1    L2  sErr  sig   pf  rfx |  cTRT  hTRT |  pFFD  hFFD | pGaze hGaze |  skip hSkip
  ------------------------------------------------------------------------------------------------------------------------------------------------------
  He                62    65    19 -0.00 0.00 0.03 0.00 |   239   257 |   211   218 |   211   218 |  0.84  0.21
  had               85    92    26 -0.30 0.32 0.02 0.02 |   270   249 |   238   208 |   242   208 |  0.75  0.43
  been              70    80    21 -0.30 0.38 0.02 0.03 |   258   240 |   226   207 |   230   207 |  0.55  0.36
  completely        57    95    18 +0.11 0.56 0.02 0.03 |   273   245 |   241   203 |   246   218 |  0.31  0.00
  under             57    73    18 +0.18 0.59 0.02 0.03 |   251   306 |   219   212 |   224   250 |  0.68  0.21
  his               61    67    19 -0.19 0.40 0.02 0.02 |   245   216 |   213   216 |   217   216 |  0.79  0.50
  wifes             68    83    21 -0.18 0.40 0.01 0.02 |   257   221 |   229   173 |   232   185 |  0.12  0.29
  ascendancy        71   119    22 +0.16 0.59 0.01 0.03 |   296   546 |   265   247 |   270   455 |  0.31  0.00


[Epoch   4/50] 785.6s | lm_lr=1.99e-05 head_lr=4.98e-04 cog_lr=9.96e-04
  Train: loss=1.7540 (trt_mse=3744 ffd_mse=2273 gaze_mse=2499 skip_bce=0.060 skip_prior=0.004 res_reg=0.0018) | 54,930 samples
  Val:   r_TRT=0.422  r_FFD=0.215  r_Gaze=0.370  r_skip=0.490
  Val:   MAE_TRT=59.8ms  MAE_FFD=36.4ms  MAE_Gaze=42.2ms
  Val:   Bias_TRT=-15.3ms  Bias_FFD=+9.9ms
  Pred:  base_L1=64+/-14  L1_ecc=75+/-20  L2=20+/-4  mean_skip=0.645
  Mψ:    sys_err=-0.16+/-0.17  sigma=0.23+/-0.09  refix=0.015+/-0.006
  Integ: p_fail=0.020+/-0.007
  Cog: d=0.308 a1R=93.6 a2R=3.375 eps=1.112 M1=122.2 M2=22.2 I=22.3 A=24.1
       w1=5.01 w2=3.67 e1=0.080 e2=0.033 lam=0.057 pcr=0.810
  Sentence 1: "As a boy though I had..."
  word             bL1    L1    L2  sErr  sig   pf  rfx |  cTRT  hTRT |  pFFD  hFFD | pGaze hGaze |  skip hSkip
  ------------------------------------------------------------------------------------------------------------------------------------------------------
  As                58    61    18 -0.00 0.00 0.02 0.00 |   232   291 |   205   242 |   205   260 |  0.93  0.21
  a                 82    79    25 -0.38 0.16 0.03 0.02 |   255   179 |   223   179 |   227   179 |  0.81  0.79
  boy               92    98    28 -0.45 0.18 0.02 0.03 |   273   216 |   242   200 |   247   216 |  0.26  0.36
  though            76    97    24 -0.20 0.26 0.02 0.02 |   270   364 |   242   234 |   244   305 |  0.58  0.07
  I                 71    69    22 -0.33 0.23 0.03 0.02 |   245   248 |   213   248 |   217   248 |  0.88  0.86
  had               82    88    25 -0.40 0.18 0.02 0.02 |   263   343 |   232   238 |   236   268 |  0.72  0.50
  often             67    81    21 -0.25 0.25 0.01 0.02 |   253   237 |   225   237 |   228   237 |  0.46  0.43
  stayed            71    92    22 -0.06 0.30 0.01 0.01 |   264   279 |   237   244 |   239   279 |  0.46  0.36

  Sentence 2: "He had been completely under his..."
  word             bL1    L1    L2  sErr  sig   pf  rfx |  cTRT  hTRT |  pFFD  hFFD | pGaze hGaze |  skip hSkip
  ------------------------------------------------------------------------------------------------------------------------------------------------------
  He                53    56    16 -0.00 0.00 0.02 0.00 |   227   257 |   200   218 |   200   218 |  0.84  0.21
  had               92   100    28 -0.27 0.20 0.02 0.02 |   274   249 |   244   208 |   247   208 |  0.78  0.43
  been              81    91    25 -0.34 0.23 0.02 0.02 |   266   240 |   236   207 |   239   207 |  0.51  0.36
  completely        67   110    21 +0.13 0.35 0.01 0.02 |   282   245 |   254   203 |   257   218 |  0.35  0.00
  under             63    79    19 +0.21 0.36 0.02 0.02 |   252   306 |   224   212 |   227   250 |  0.73  0.21
  his               60    65    18 -0.21 0.25 0.02 0.02 |   238   216 |   209   216 |   212   216 |  0.70  0.50
  wifes             69    83    21 -0.19 0.25 0.00 0.01 |   253   221 |   228   173 |   230   185 |  0.11  0.29
  ascendancy        81   133    25 +0.17 0.36 0.01 0.02 |   304   546 |   277   247 |   280   455 |  0.22  0.00


[Epoch   5/50] 780.0s | lm_lr=1.98e-05 head_lr=4.95e-04 cog_lr=9.90e-04
  Train: loss=1.7116 (trt_mse=3633 ffd_mse=2225 gaze_mse=2436 skip_bce=0.060 skip_prior=0.004 res_reg=0.0018) | 54,930 samples
  Val:   r_TRT=0.403  r_FFD=0.217  r_Gaze=0.356  r_skip=0.489
  Val:   MAE_TRT=59.8ms  MAE_FFD=37.9ms  MAE_Gaze=42.6ms
  Val:   Bias_TRT=-13.2ms  Bias_FFD=+13.6ms
  Pred:  base_L1=68+/-16  L1_ecc=80+/-22  L2=21+/-5  mean_skip=0.645
  Mψ:    sys_err=-0.17+/-0.18  sigma=0.16+/-0.06  refix=0.012+/-0.006
  Integ: p_fail=0.018+/-0.008
  Cog: d=0.313 a1R=93.6 a2R=3.374 eps=1.109 M1=121.4 M2=21.4 I=21.6 A=24.0
       w1=5.00 w2=3.70 e1=0.054 e2=0.023 lam=0.051 pcr=0.828
  Sentence 1: "As a boy though I had..."
  word             bL1    L1    L2  sErr  sig   pf  rfx |  cTRT  hTRT |  pFFD  hFFD | pGaze hGaze |  skip hSkip
  ------------------------------------------------------------------------------------------------------------------------------------------------------
  As                74    78    23 -0.00 0.00 0.02 0.00 |   246   291 |   221   242 |   221   260 |  0.89  0.21
  a                106   101    33 -0.48 0.11 0.03 0.02 |   275   179 |   244   179 |   248   179 |  0.95  0.79
  boy               87    92    27 -0.56 0.12 0.02 0.03 |   264   216 |   234   200 |   239   216 |  0.43  0.36
  though            74    94    23 -0.19 0.18 0.01 0.01 |   263   364 |   237   234 |   239   305 |  0.64  0.07
  I                 65    63    20 -0.32 0.16 0.03 0.02 |   236   248 |   206   248 |   208   248 |  0.93  0.86
  had               91    97    29 -0.36 0.12 0.02 0.02 |   269   343 |   240   238 |   243   268 |  0.84  0.50
  often             69    83    22 -0.27 0.17 0.01 0.01 |   252   237 |   226   237 |   228   237 |  0.49  0.43
  stayed            73    94    23 -0.06 0.21 0.01 0.01 |   262   279 |   237   244 |   238   279 |  0.61  0.36

  Sentence 2: "He had been completely under his..."
  word             bL1    L1    L2  sErr  sig   pf  rfx |  cTRT  hTRT |  pFFD  hFFD | pGaze hGaze |  skip hSkip
  ------------------------------------------------------------------------------------------------------------------------------------------------------
  He                63    66    20 -0.00 0.00 0.02 0.00 |   235   257 |   209   218 |   209   218 |  0.82  0.21
  had               96   103    30 -0.33 0.14 0.02 0.02 |   274   249 |   246   208 |   249   208 |  0.74  0.43
  been              77    87    24 -0.35 0.16 0.02 0.02 |   258   240 |   230   207 |   233   207 |  0.53  0.36
  completely        69   111    22 +0.12 0.24 0.01 0.01 |   280   245 |   254   203 |   256   218 |  0.44  0.00
  under             66    83    21 +0.22 0.25 0.01 0.01 |   252   306 |   225   212 |   228   250 |  0.75  0.21
  his               66    72    21 -0.22 0.17 0.02 0.01 |   242   216 |   215   216 |   217   216 |  0.84  0.50
  wifes             63    76    20 -0.20 0.17 0.00 0.01 |   243   221 |   219   173 |   221   185 |  0.11  0.29
  ascendancy        82   133    26 +0.16 0.25 0.00 0.01 |   300   546 |   276   247 |   278   455 |  0.23  0.00


[Epoch   6/50] 785.6s | lm_lr=1.97e-05 head_lr=4.91e-04 cog_lr=9.83e-04
  Train: loss=1.6757 (trt_mse=3538 ffd_mse=2184 gaze_mse=2383 skip_bce=0.059 skip_prior=0.004 res_reg=0.0018) | 54,930 samples
  Val:   r_TRT=0.381  r_FFD=0.206  r_Gaze=0.341  r_skip=0.483
  Val:   MAE_TRT=60.4ms  MAE_FFD=37.3ms  MAE_Gaze=42.9ms
  Val:   Bias_TRT=-16.8ms  Bias_FFD=+11.3ms
  Pred:  base_L1=68+/-16  L1_ecc=79+/-22  L2=22+/-5  mean_skip=0.655
  Mψ:    sys_err=-0.17+/-0.18  sigma=0.11+/-0.04  refix=0.010+/-0.006
  Integ: p_fail=0.017+/-0.008
  Cog: d=0.322 a1R=93.6 a2R=3.373 eps=1.107 M1=120.7 M2=20.6 I=20.8 A=23.9
       w1=4.99 w2=3.73 e1=0.038 e2=0.017 lam=0.045 pcr=0.842
  Sentence 1: "As a boy though I had..."
  word             bL1    L1    L2  sErr  sig   pf  rfx |  cTRT  hTRT |  pFFD  hFFD | pGaze hGaze |  skip hSkip
  ------------------------------------------------------------------------------------------------------------------------------------------------------
  As                68    71    22 -0.00 0.00 0.02 0.00 |   237   291 |   212   242 |   212   260 |  0.89  0.21
  a                113   108    36 -0.45 0.08 0.03 0.02 |   280   179 |   249   179 |   253   179 |  0.94  0.79
  boy               98   102    32 -0.59 0.09 0.01 0.03 |   272   216 |   243   200 |   248   216 |  0.45  0.36
  though            80   101    26 -0.21 0.13 0.01 0.01 |   267   364 |   242   234 |   244   305 |  0.60  0.07
  I                 78    75    25 -0.34 0.11 0.03 0.02 |   246   248 |   216   248 |   219   248 |  0.90  0.86
  had               93    98    30 -0.43 0.09 0.02 0.02 |   267   343 |   240   238 |   243   268 |  0.92  0.50
  often             62    74    20 -0.27 0.12 0.01 0.01 |   239   237 |   215   237 |   217   237 |  0.45  0.43
  stayed            76    98    24 -0.05 0.15 0.01 0.01 |   262   279 |   239   244 |   240   279 |  0.56  0.36

  Sentence 2: "He had been completely under his..."
  word             bL1    L1    L2  sErr  sig   pf  rfx |  cTRT  hTRT |  pFFD  hFFD | pGaze hGaze |  skip hSkip
  ------------------------------------------------------------------------------------------------------------------------------------------------------
  He                56    59    18 -0.00 0.00 0.02 0.00 |   225   257 |   200   218 |   200   218 |  0.80  0.21
  had              102   110    33 -0.29 0.10 0.02 0.01 |   278   249 |   251   208 |   253   208 |  0.85  0.43
  been              80    90    26 -0.37 0.11 0.02 0.02 |   258   240 |   231   207 |   234   207 |  0.66  0.36
  completely        70   113    23 +0.13 0.17 0.01 0.01 |   278   245 |   254   203 |   255   218 |  0.39  0.00
  under             66    83    21 +0.22 0.18 0.01 0.01 |   249   306 |   225   212 |   226   250 |  0.72  0.21
  his               77    83    25 -0.22 0.12 0.02 0.01 |   250   216 |   224   216 |   226   216 |  0.82  0.50
  wifes             73    87    23 -0.23 0.12 0.00 0.01 |   251   221 |   228   173 |   230   185 |  0.15  0.29
  ascendancy        84   136    27 +0.18 0.18 0.00 0.01 |   300   546 |   277   247 |   278   455 |  0.23  0.00


[Epoch   7/50] 781.6s | lm_lr=1.95e-05 head_lr=4.87e-04 cog_lr=9.73e-04
  Train: loss=1.6419 (trt_mse=3465 ffd_mse=2139 gaze_mse=2333 skip_bce=0.059 skip_prior=0.004 res_reg=0.0018) | 54,930 samples
  Val:   r_TRT=0.346  r_FFD=0.188  r_Gaze=0.311  r_skip=0.476
  Val:   MAE_TRT=61.1ms  MAE_FFD=37.9ms  MAE_Gaze=43.6ms
  Val:   Bias_TRT=-16.8ms  Bias_FFD=+12.4ms
  Pred:  base_L1=71+/-18  L1_ecc=82+/-23  L2=24+/-6  mean_skip=0.669
  Mψ:    sys_err=-0.18+/-0.19  sigma=0.08+/-0.03  refix=0.009+/-0.005
  Integ: p_fail=0.017+/-0.009
  Cog: d=0.335 a1R=93.6 a2R=3.371 eps=1.105 M1=119.9 M2=19.8 I=20.0 A=23.9
       w1=4.98 w2=3.78 e1=0.028 e2=0.013 lam=0.040 pcr=0.854
  Sentence 1: "As a boy though I had..."
  word             bL1    L1    L2  sErr  sig   pf  rfx |  cTRT  hTRT |  pFFD  hFFD | pGaze hGaze |  skip hSkip
  ------------------------------------------------------------------------------------------------------------------------------------------------------
  As                74    78    25 -0.00 0.00 0.02 0.00 |   241   291 |   218   242 |   218   260 |  0.87  0.21
  a                120   115    40 -0.48 0.06 0.03 0.02 |   284   179 |   254   179 |   258   179 |  0.96  0.79
  boy               88    92    30 -0.62 0.07 0.01 0.02 |   258   216 |   231   200 |   235   216 |  0.34  0.36
  though            79    99    26 -0.19 0.10 0.01 0.01 |   262   364 |   239   234 |   240   305 |  0.49  0.07
  I                 86    84    29 -0.34 0.09 0.03 0.01 |   252   248 |   223   248 |   226   248 |  0.94  0.86
  had               88    93    30 -0.47 0.07 0.02 0.02 |   259   343 |   233   238 |   236   268 |  0.87  0.50
  often             61    73    20 -0.26 0.09 0.01 0.01 |   236   237 |   212   237 |   214   237 |  0.30  0.43
  stayed            79   100    26 -0.05 0.11 0.01 0.00 |   262   279 |   240   244 |   241   279 |  0.55  0.36

  Sentence 2: "He had been completely under his..."
  word             bL1    L1    L2  sErr  sig   pf  rfx |  cTRT  hTRT |  pFFD  hFFD | pGaze hGaze |  skip hSkip
  ------------------------------------------------------------------------------------------------------------------------------------------------------
  He                70    73    23 -0.00 0.00 0.02 0.00 |   237   257 |   213   218 |   213   218 |  0.82  0.21
  had              110   117    37 -0.36 0.07 0.02 0.01 |   283   249 |   257   208 |   260   208 |  0.81  0.43
  been              81    91    27 -0.39 0.09 0.02 0.02 |   256   240 |   230   207 |   233   207 |  0.64  0.36
  completely        65   103    22 +0.13 0.13 0.01 0.01 |   266   245 |   243   203 |   244   218 |  0.28  0.00
  under             59    73    20 +0.20 0.14 0.01 0.01 |   236   306 |   213   212 |   214   250 |  0.69  0.21
  his               77    84    26 -0.20 0.09 0.02 0.01 |   248   216 |   224   216 |   225   216 |  0.82  0.50
  wifes             72    86    24 -0.23 0.09 0.00 0.01 |   248   221 |   226   173 |   227   185 |  0.21  0.29
  ascendancy        79   126    26 +0.18 0.14 0.00 0.01 |   288   546 |   266   247 |   267   455 |  0.19  0.00


[Epoch   8/50] 784.6s | lm_lr=1.92e-05 head_lr=4.81e-04 cog_lr=9.62e-04
  Train: loss=1.6138 (trt_mse=3398 ffd_mse=2102 gaze_mse=2292 skip_bce=0.058 skip_prior=0.004 res_reg=0.0018) | 54,930 samples
  Val:   r_TRT=0.365  r_FFD=0.197  r_Gaze=0.327  r_skip=0.478
  Val:   MAE_TRT=60.8ms  MAE_FFD=37.8ms  MAE_Gaze=43.2ms
  Val:   Bias_TRT=-18.3ms  Bias_FFD=+11.9ms
  Pred:  base_L1=71+/-17  L1_ecc=83+/-23  L2=25+/-6  mean_skip=0.627
  Mψ:    sys_err=-0.18+/-0.19  sigma=0.06+/-0.03  refix=0.008+/-0.005
  Integ: p_fail=0.018+/-0.011
  Cog: d=0.357 a1R=93.6 a2R=3.369 eps=1.104 M1=119.2 M2=19.1 I=19.3 A=23.9
       w1=4.97 w2=3.84 e1=0.021 e2=0.010 lam=0.034 pcr=0.864
  Sentence 1: "As a boy though I had..."
  word             bL1    L1    L2  sErr  sig   pf  rfx |  cTRT  hTRT |  pFFD  hFFD | pGaze hGaze |  skip hSkip
  ------------------------------------------------------------------------------------------------------------------------------------------------------
  As                70    73    25 -0.00 0.00 0.02 0.00 |   234   291 |   212   242 |   212   260 |  0.84  0.21
  a                116   111    41 -0.45 0.05 0.03 0.02 |   278   179 |   249   179 |   252   179 |  0.94  0.79
  boy               95    99    34 -0.59 0.05 0.01 0.02 |   263   216 |   237   200 |   241   216 |  0.41  0.36
  though            75    94    27 -0.21 0.07 0.01 0.01 |   255   364 |   233   234 |   234   305 |  0.54  0.07
  I                 79    77    28 -0.32 0.06 0.04 0.01 |   243   248 |   215   248 |   217   248 |  0.93  0.86
  had               92    98    33 -0.43 0.05 0.02 0.01 |   261   343 |   236   238 |   239   268 |  0.85  0.50
  often             69    82    25 -0.27 0.07 0.01 0.01 |   243   237 |   221   237 |   222   237 |  0.36  0.43
  stayed            83   105    30 -0.06 0.08 0.01 0.00 |   265   279 |   244   244 |   244   279 |  0.42  0.36

  Sentence 2: "He had been completely under his..."
  word             bL1    L1    L2  sErr  sig   pf  rfx |  cTRT  hTRT |  pFFD  hFFD | pGaze hGaze |  skip hSkip
  ------------------------------------------------------------------------------------------------------------------------------------------------------
  He                62    65    22 -0.00 0.00 0.02 0.00 |   227   257 |   204   218 |   204   218 |  0.74  0.21
  had              107   114    38 -0.32 0.05 0.02 0.01 |   277   249 |   253   208 |   255   208 |  0.78  0.43
  been              86    96    31 -0.38 0.06 0.02 0.01 |   259   240 |   234   207 |   236   207 |  0.78  0.36
  completely        72   113    26 +0.13 0.10 0.01 0.00 |   273   245 |   252   203 |   252   218 |  0.14  0.00
  under             60    75    21 +0.22 0.10 0.01 0.01 |   235   306 |   213   212 |   214   250 |  0.76  0.21
  his               74    80    26 -0.20 0.07 0.02 0.01 |   242   216 |   219   216 |   220   216 |  0.85  0.50
  wifes             65    77    23 -0.22 0.07 0.00 0.01 |   236   221 |   215   173 |   217   185 |  0.11  0.29
  ascendancy        84   133    30 +0.16 0.10 0.00 0.01 |   291   546 |   271   247 |   272   455 |  0.16  0.00


[Epoch   9/50] 782.9s | lm_lr=1.90e-05 head_lr=4.74e-04 cog_lr=9.48e-04
  Train: loss=1.5823 (trt_mse=3319 ffd_mse=2062 gaze_mse=2248 skip_bce=0.058 skip_prior=0.004 res_reg=0.0018) | 54,930 samples
  Val:   r_TRT=0.351  r_FFD=0.198  r_Gaze=0.316  r_skip=0.479
  Val:   MAE_TRT=60.7ms  MAE_FFD=39.5ms  MAE_Gaze=43.7ms
  Val:   Bias_TRT=-14.2ms  Bias_FFD=+16.4ms
  Pred:  base_L1=77+/-19  L1_ecc=89+/-25  L2=30+/-7  mean_skip=0.615
  Mψ:    sys_err=-0.19+/-0.19  sigma=0.05+/-0.02  refix=0.007+/-0.004
  Integ: p_fail=0.019+/-0.013
  Cog: d=0.391 a1R=93.6 a2R=3.366 eps=1.103 M1=118.4 M2=18.3 I=18.5 A=23.8
       w1=4.96 w2=3.91 e1=0.016 e2=0.007 lam=0.029 pcr=0.872
  Sentence 1: "As a boy though I had..."
  word             bL1    L1    L2  sErr  sig   pf  rfx |  cTRT  hTRT |  pFFD  hFFD | pGaze hGaze |  skip hSkip
  ------------------------------------------------------------------------------------------------------------------------------------------------------
  As                71    75    28 -0.00 0.00 0.02 0.00 |   234   291 |   212   242 |   212   260 |  0.87  0.21
  a                120   114    47 -0.46 0.03 0.04 0.01 |   280   179 |   251   179 |   254   179 |  0.95  0.79
  boy              113   118    44 -0.60 0.04 0.01 0.02 |   279   216 |   254   200 |   258   216 |  0.28  0.36
  though            87   109    34 -0.23 0.06 0.01 0.01 |   267   364 |   245   234 |   247   305 |  0.36  0.07
  I                 93    90    36 -0.36 0.05 0.04 0.01 |   255   248 |   226   248 |   228   248 |  0.95  0.86
  had              104   109    41 -0.49 0.04 0.02 0.01 |   271   343 |   246   238 |   249   268 |  0.91  0.50
  often             66    78    26 -0.29 0.05 0.01 0.01 |   236   237 |   215   237 |   216   237 |  0.39  0.43
  stayed            82   104    32 -0.05 0.06 0.01 0.00 |   261   279 |   241   244 |   241   279 |  0.40  0.36

  Sentence 2: "He had been completely under his..."
  word             bL1    L1    L2  sErr  sig   pf  rfx |  cTRT  hTRT |  pFFD  hFFD | pGaze hGaze |  skip hSkip
  ------------------------------------------------------------------------------------------------------------------------------------------------------
  He                66    69    26 -0.00 0.00 0.03 0.00 |   229   257 |   206   218 |   206   218 |  0.83  0.21
  had              106   113    42 -0.33 0.04 0.02 0.01 |   274   249 |   250   208 |   252   208 |  0.73  0.43
  been              92   103    36 -0.37 0.05 0.02 0.01 |   264   240 |   240   207 |   242   207 |  0.65  0.36
  completely        71   111    28 +0.14 0.08 0.01 0.00 |   269   245 |   248   203 |   249   218 |  0.19  0.00
  under             68    84    26 +0.21 0.08 0.01 0.01 |   242   306 |   221   212 |   222   250 |  0.65  0.21
  his               81    87    32 -0.22 0.05 0.02 0.01 |   248   216 |   224   216 |   225   216 |  0.82  0.50
  wifes             71    84    28 -0.24 0.05 0.00 0.01 |   241   221 |   221   173 |   222   185 |  0.16  0.29
  ascendancy        86   136    34 +0.17 0.08 0.00 0.01 |   292   546 |   273   247 |   273   455 |  0.14  0.00


[Epoch  10/50] 784.9s | lm_lr=1.87e-05 head_lr=4.67e-04 cog_lr=9.33e-04
  Train: loss=1.5555 (trt_mse=3262 ffd_mse=2025 gaze_mse=2209 skip_bce=0.058 skip_prior=0.004 res_reg=0.0018) | 54,930 samples
  Val:   r_TRT=0.334  r_FFD=0.191  r_Gaze=0.310  r_skip=0.465
  Val:   MAE_TRT=61.5ms  MAE_FFD=38.2ms  MAE_Gaze=43.6ms
  Val:   Bias_TRT=-18.6ms  Bias_FFD=+12.2ms
  Pred:  base_L1=75+/-19  L1_ecc=86+/-24  L2=33+/-8  mean_skip=0.629
  Mψ:    sys_err=-0.18+/-0.19  sigma=0.04+/-0.02  refix=0.005+/-0.003
  Integ: p_fail=0.023+/-0.016
  Cog: d=0.446 a1R=93.6 a2R=3.360 eps=1.102 M1=117.7 M2=17.6 I=17.8 A=23.9
       w1=4.95 w2=4.00 e1=0.013 e2=0.006 lam=0.025 pcr=0.880
  Sentence 1: "As a boy though I had..."
  word             bL1    L1    L2  sErr  sig   pf  rfx |  cTRT  hTRT |  pFFD  hFFD | pGaze hGaze |  skip hSkip
  ------------------------------------------------------------------------------------------------------------------------------------------------------
  As                67    70    30 -0.00 0.00 0.02 0.00 |   228   291 |   206   242 |   206   260 |  0.80  0.21
  a                138   133    62 -0.43 0.03 0.05 0.01 |   298   179 |   268   179 |   270   179 |  0.96  0.79
  boy               99   103    44 -0.67 0.03 0.01 0.02 |   262   216 |   238   200 |   241   216 |  0.32  0.36
  though            83   104    37 -0.21 0.04 0.01 0.01 |   260   364 |   239   234 |   240   305 |  0.47  0.07
  I                 90    87    40 -0.34 0.04 0.06 0.01 |   253   248 |   222   248 |   224   248 |  0.89  0.86
  had               90    95    40 -0.47 0.03 0.02 0.01 |   254   343 |   230   238 |   232   268 |  0.90  0.50
  often             69    82    31 -0.26 0.04 0.01 0.01 |   237   237 |   217   237 |   218   237 |  0.47  0.43
  stayed            81   102    36 -0.06 0.05 0.01 0.00 |   257   279 |   237   244 |   238   279 |  0.35  0.36

  Sentence 2: "He had been completely under his..."
  word             bL1    L1    L2  sErr  sig   pf  rfx |  cTRT  hTRT |  pFFD  hFFD | pGaze hGaze |  skip hSkip
  ------------------------------------------------------------------------------------------------------------------------------------------------------
  He                64    67    29 -0.00 0.00 0.03 0.00 |   227   257 |   203   218 |   203   218 |  0.83  0.21
  had              104   111    46 -0.32 0.03 0.02 0.01 |   269   249 |   246   208 |   247   208 |  0.77  0.43
  been              88    98    39 -0.36 0.04 0.02 0.01 |   257   240 |   233   207 |   235   207 |  0.74  0.36
  completely        69   107    31 +0.13 0.06 0.01 0.00 |   263   245 |   243   203 |   243   218 |  0.29  0.00
  under             71    87    32 +0.20 0.06 0.01 0.00 |   244   306 |   223   212 |   224   250 |  0.71  0.21
  his               77    83    34 -0.23 0.04 0.02 0.01 |   241   216 |   218   216 |   219   216 |  0.84  0.50
  wifes             65    77    29 -0.22 0.04 0.00 0.01 |   231   221 |   212   173 |   213   185 |  0.15  0.29
  ascendancy        88   138    39 +0.16 0.06 0.00 0.00 |   292   546 |   273   247 |   274   455 |  0.17  0.00


[Epoch  11/50] 691.0s | lm_lr=1.83e-05 head_lr=4.58e-04 cog_lr=9.16e-04
  Train: loss=1.5273 (trt_mse=3188 ffd_mse=1988 gaze_mse=2169 skip_bce=0.057 skip_prior=0.005 res_reg=0.0018) | 54,930 samples
  Val:   r_TRT=0.344  r_FFD=0.199  r_Gaze=0.330  r_skip=0.462
  Val:   MAE_TRT=61.5ms  MAE_FFD=37.6ms  MAE_Gaze=43.5ms
  Val:   Bias_TRT=-21.1ms  Bias_FFD=+8.7ms
  Pred:  base_L1=73+/-18  L1_ecc=84+/-25  L2=36+/-9  mean_skip=0.643
  Mψ:    sys_err=-0.17+/-0.18  sigma=0.03+/-0.01  refix=0.004+/-0.003
  Integ: p_fail=0.032+/-0.025
  Cog: d=0.500 a1R=93.5 a2R=3.356 eps=1.101 M1=117.0 M2=16.9 I=17.1 A=23.9
       w1=4.94 w2=4.11 e1=0.010 e2=0.005 lam=0.020 pcr=0.890
  Sentence 1: "As a boy though I had..."
  word             bL1    L1    L2  sErr  sig   pf  rfx |  cTRT  hTRT |  pFFD  hFFD | pGaze hGaze |  skip hSkip
  ------------------------------------------------------------------------------------------------------------------------------------------------------
  As                71    75    36 -0.00 0.00 0.03 0.00 |   231   291 |   209   242 |   209   260 |  0.93  0.21
  a                 89    85    44 -0.44 0.02 0.07 0.01 |   251   179 |   219   179 |   221   179 |  0.99  0.79
  boy               95   100    48 -0.46 0.02 0.02 0.01 |   257   216 |   234   200 |   236   216 |  0.32  0.36
  though            82   103    41 -0.20 0.04 0.01 0.00 |   257   364 |   237   234 |   237   305 |  0.54  0.07
  I                 82    79    41 -0.33 0.03 0.08 0.01 |   248   248 |   213   248 |   214   248 |  0.91  0.86
  had              102   108    51 -0.43 0.02 0.03 0.01 |   266   343 |   241   238 |   243   268 |  0.89  0.50
  often             70    83    35 -0.28 0.03 0.01 0.01 |   236   237 |   217   237 |   218   237 |  0.37  0.43
  stayed            83   105    41 -0.06 0.04 0.01 0.00 |   257   279 |   239   244 |   239   279 |  0.52  0.36

  Sentence 2: "He had been completely under his..."
  word             bL1    L1    L2  sErr  sig   pf  rfx |  cTRT  hTRT |  pFFD  hFFD | pGaze hGaze |  skip hSkip
  ------------------------------------------------------------------------------------------------------------------------------------------------------
  He                67    70    33 -0.00 0.00 0.05 0.00 |   230   257 |   204   218 |   204   218 |  0.87  0.21
  had               96   103    48 -0.33 0.03 0.03 0.01 |   261   249 |   237   208 |   238   208 |  0.83  0.43
  been              82    91    41 -0.33 0.03 0.03 0.01 |   249   240 |   225   207 |   226   207 |  0.67  0.36
  completely        76   119    38 +0.12 0.05 0.01 0.00 |   272   245 |   253   203 |   253   218 |  0.48  0.00
  under             75    93    37 +0.22 0.05 0.01 0.00 |   247   306 |   227   212 |   227   250 |  0.70  0.21
  his               77    82    38 -0.23 0.03 0.03 0.00 |   240   216 |   216   216 |   217   216 |  0.84  0.50
  wifes             72    86    36 -0.22 0.03 0.00 0.00 |   237   221 |   219   173 |   220   185 |  0.12  0.29
  ascendancy        88   138    44 +0.17 0.05 0.00 0.00 |   290   546 |   272   247 |   273   455 |  0.17  0.00


[Epoch  12/50] 486.1s | lm_lr=1.79e-05 head_lr=4.48e-04 cog_lr=8.97e-04
  Train: loss=1.4990 (trt_mse=3123 ffd_mse=1952 gaze_mse=2131 skip_bce=0.057 skip_prior=0.003 res_reg=0.0018) | 54,930 samples
  Val:   r_TRT=0.306  r_FFD=0.194  r_Gaze=0.324  r_skip=0.456
  Val:   MAE_TRT=61.6ms  MAE_FFD=38.9ms  MAE_Gaze=43.3ms
  Val:   Bias_TRT=-12.6ms  Bias_FFD=+14.7ms
  Pred:  base_L1=79+/-18  L1_ecc=91+/-24  L2=40+/-9  mean_skip=0.648
  Mψ:    sys_err=-0.18+/-0.19  sigma=0.02+/-0.01  refix=0.004+/-0.002
  Integ: p_fail=0.049+/-0.040
  Cog: d=0.500 a1R=93.5 a2R=3.354 eps=1.101 M1=116.3 M2=16.1 I=16.4 A=24.0
       w1=4.93 w2=4.22 e1=0.008 e2=0.004 lam=0.016 pcr=0.904
  Sentence 1: "As a boy though I had..."
  word             bL1    L1    L2  sErr  sig   pf  rfx |  cTRT  hTRT |  pFFD  hFFD | pGaze hGaze |  skip hSkip
  ------------------------------------------------------------------------------------------------------------------------------------------------------
  As                77    81    39 -0.00 0.00 0.04 0.00 |   238   291 |   214   242 |   214   260 |  0.92  0.21
  a                 98    93    49 -0.47 0.02 0.10 0.01 |   265   179 |   226   179 |   227   179 |  0.99  0.79
  boy               99   104    49 -0.49 0.02 0.02 0.01 |   259   216 |   236   200 |   238   216 |  0.31  0.36
  though            88   110    44 -0.20 0.03 0.02 0.00 |   263   364 |   243   234 |   243   305 |  0.65  0.07
  I                 86    83    43 -0.34 0.02 0.13 0.01 |   260   248 |   215   248 |   216   248 |  0.93  0.86
  had               96   101    48 -0.43 0.02 0.04 0.01 |   259   343 |   234   238 |   235   268 |  0.93  0.50
  often             72    85    36 -0.26 0.03 0.01 0.00 |   237   237 |   218   237 |   218   237 |  0.44  0.43
  stayed            83   105    42 -0.06 0.03 0.01 0.00 |   256   279 |   238   244 |   238   279 |  0.48  0.36

  Sentence 2: "He had been completely under his..."
  word             bL1    L1    L2  sErr  sig   pf  rfx |  cTRT  hTRT |  pFFD  hFFD | pGaze hGaze |  skip hSkip
  ------------------------------------------------------------------------------------------------------------------------------------------------------
  He                72    76    36 -0.00 0.00 0.07 0.00 |   238   257 |   208   218 |   208   218 |  0.79  0.21
  had              115   123    58 -0.34 0.02 0.04 0.01 |   281   249 |   255   208 |   256   208 |  0.78  0.43
  been              86    96    43 -0.37 0.02 0.04 0.01 |   254   240 |   229   207 |   230   207 |  0.62  0.36
  completely        85   133    43 +0.12 0.04 0.01 0.00 |   284   245 |   265   203 |   265   218 |  0.66  0.00
  under             74    91    37 +0.23 0.04 0.02 0.00 |   244   306 |   224   212 |   224   250 |  0.71  0.21
  his               78    85    39 -0.23 0.03 0.04 0.00 |   243   216 |   217   216 |   218   216 |  0.79  0.50
  wifes             83    98    41 -0.22 0.03 0.00 0.00 |   247   221 |   230   173 |   231   185 |  0.15  0.29
  ascendancy        92   144    46 +0.19 0.04 0.00 0.00 |   293   546 |   276   247 |   277   455 |  0.21  0.00


Early stopping at epoch 12: no r_TRT improvement for 10 epochs (best=0.446).

====================================================================================================
Training complete! Best val r_TRT = 0.446
====================================================================================================
  Cognitive cascade parameters:
    l1_base_offset  (alpha1_norm) =   59.98 ms
    l1_freq_coef    (alpha2_norm) =  -16.77    (on normed log_freq)
    -- Reichle-unit equivalents --
    alpha1_reichle              =   93.51 ms  (Reichle 2003: 104)
    alpha2_reichle              =  3.3535     (Reichle 2003: 3.4)
    delta (L2/L1)               =  0.5003     (Reichle: 0.34, allowed [0.1, 0.5])
    epsilon (ecc exp)           =  1.1006     (Reichle: 1.15)
    -- Saccade & integration timing (untied) --
    M1 (labile)                 =  116.29 ms  (Reichle: 125)
    M2 (non-labile)             =   16.15 ms  (Reichle: 25)
    I (integration_time)        =   16.37 ms  (Reichle: 25)
    A (attention_shift)         =   24.03 ms  (Reichle: 25)
    -- Mψ (saccade execution noise) --
    omega1                      =  4.9258    (Reichle: 6)
    omega2                      =  4.2199    (Reichle: 3)
    eta1                        =  0.0081    (Reichle: 0.5)
    eta2                        =  0.0037    (Reichle: 0.15)
    -- Refixation (landing-driven) --
    lambda_refix                =  0.0164   (Reichle: 0.16)
    -- Integration / regression --
    ifail_offset                = -3.7558
    ifail_coef                  = +2.0778   (sign: high freq → low p_fail)
    p_correct_regression        =  0.9043    (Reichle: 0.6)
    --
    skip_temperature            =   32.27 ms
    L1 soft floor               = 5.0 ms (no hard ceiling)

Test set results:
  r_TRT=0.316  r_FFD=0.193  r_Gaze=0.341  r_skip=0.451
  MAE_TRT=62.8ms  MAE_FFD=39.9ms  MAE_Gaze=43.5ms

Sample test predictions:
  Sentence 1: "I will therefore briefly set down..."
  word             bL1    L1    L2  sErr  sig   pf  rfx |  cTRT  hTRT |  pFFD  hFFD | pGaze hGaze |  skip hSkip
  ------------------------------------------------------------------------------------------------------------------------------------------------------
  I                 58    58    29 -0.00 0.00 0.13 0.00 |   231   184 |   191   184 |   191   184 |  0.93  0.86
  will              90   102    45 -0.27 0.02 0.04 0.00 |   260   233 |   234   117 |   235   158 |  0.69  0.64
  therefore         81   119    40 +0.06 0.04 0.01 0.00 |   270   301 |   252   225 |   252   259 |  0.32  0.14
  briefly           74   102    37 +0.28 0.04 0.00 0.00 |   252   421 |   234   231 |   235   314 |  0.45  0.50
  set               91    99    46 -0.12 0.03 0.02 0.00 |   252   276 |   232   199 |   232   213 |  0.46  0.50
  down             116   130    58 -0.31 0.02 0.04 0.01 |   289   249 |   263   194 |   264   221 |  0.82  0.36
  the               52    56    26 -0.39 0.02 0.12 0.01 |   228   161 |   188   161 |   189   161 |  0.69  0.64
  circumstances     72   130    36 +0.15 0.04 0.01 0.00 |   280   261 |   262   208 |   263   261 |  0.11  0.00
  which             65    82    33 +0.45 0.05 0.02 0.01 |   237   303 |   215   284 |   216   284 |  0.81  0.43
  led               84    91    42 -0.20 0.03 0.01 0.00 |   242   208 |   223   208 |   224   208 |  0.85  0.64

  Sentence 2: "I had been invalided home from..."
  word             bL1    L1    L2  sErr  sig   pf  rfx |  cTRT  hTRT |  pFFD  hFFD | pGaze hGaze |  skip hSkip
  ------------------------------------------------------------------------------------------------------------------------------------------------------
  I                 58    58    29 -0.00 0.00 0.13 0.00 |   231   267 |   191   207 |   191   207 |  0.89  0.43
  had              109   117    55 -0.31 0.02 0.04 0.01 |   275   274 |   249   224 |   250   224 |  0.78  0.29
  been              92   103    46 -0.36 0.02 0.04 0.01 |   261   301 |   235   219 |   237   219 |  0.38  0.21
  invalided         99   146    49 +0.07 0.04 0.00 0.00 |   295  1063 |   278   217 |   279   388 |  0.47  0.00
  home              76    88    38 +0.08 0.04 0.03 0.00 |   243   571 |   220   271 |   221   332 |  0.53  0.29
  from              94   106    47 -0.22 0.03 0.04 0.00 |   264   435 |   238   224 |   239   234 |  0.84  0.14
  the               65    69    33 -0.33 0.02 0.12 0.01 |   242   196 |   202   129 |   203   129 |  0.86  0.79
  Front             64    76    32 -0.19 0.03 0.02 0.00 |   229   307 |   209   256 |   209   267 |  0.60  0.00
  and               56    60    28 -0.20 0.03 0.09 0.00 |   226   272 |   193   164 |   193   213 |  0.82  0.36
  after             82    98    41 -0.16 0.03 0.03 0.00 |   253   223 |   230   223 |   231   223 |  0.49  0.36

  Sentence 3: "Oh yes"
  word             bL1    L1    L2  sErr  sig   pf  rfx |  cTRT  hTRT |  pFFD  hFFD | pGaze hGaze |  skip hSkip
  ------------------------------------------------------------------------------------------------------------------------------------------------------
  Oh                74    77    37 -0.00 0.00 0.05 0.00 |   236   235 |   210   235 |   210   235 |  0.75  0.64
  yes               99   105    50 -0.35 0.02 0.04 0.01 |   264   232 |   238   204 |   239   232 |  0.00  0.14

